{"/home/vascovalerio123/Projects/M10projeto/server/src/controllers/ticketController.js": {"path":"/home/vascovalerio123/Projects/M10projeto/server/src/controllers/ticketController.js","statementMap":{"0":{"start":{"line":8,"column":20},"end":{"line":8,"column":52}},"1":{"start":{"line":9,"column":29},"end":{"line":9,"column":57}},"2":{"start":{"line":16,"column":2},"end":{"line":39,"column":3}},"3":{"start":{"line":17,"column":19},"end":{"line":17,"column":40}},"4":{"start":{"line":18,"column":4},"end":{"line":20,"column":5}},"5":{"start":{"line":19,"column":6},"end":{"line":19,"column":62}},"6":{"start":{"line":22,"column":20},"end":{"line":32,"column":5}},"7":{"start":{"line":34,"column":19},"end":{"line":34,"column":59}},"8":{"start":{"line":35,"column":4},"end":{"line":35,"column":21}},"9":{"start":{"line":38,"column":4},"end":{"line":38,"column":16}},"10":{"start":{"line":47,"column":2},"end":{"line":70,"column":3}},"11":{"start":{"line":48,"column":21},"end":{"line":48,"column":34}},"12":{"start":{"line":50,"column":4},"end":{"line":55,"column":5}},"13":{"start":{"line":51,"column":6},"end":{"line":54,"column":9}},"14":{"start":{"line":57,"column":19},"end":{"line":57,"column":60}},"15":{"start":{"line":59,"column":4},"end":{"line":64,"column":5}},"16":{"start":{"line":60,"column":6},"end":{"line":63,"column":9}},"17":{"start":{"line":66,"column":4},"end":{"line":66,"column":21}},"18":{"start":{"line":69,"column":4},"end":{"line":69,"column":16}},"19":{"start":{"line":78,"column":2},"end":{"line":109,"column":3}},"20":{"start":{"line":79,"column":19},"end":{"line":79,"column":40}},"21":{"start":{"line":80,"column":4},"end":{"line":82,"column":5}},"22":{"start":{"line":81,"column":6},"end":{"line":81,"column":62}},"23":{"start":{"line":84,"column":71},"end":{"line":84,"column":79}},"24":{"start":{"line":87,"column":4},"end":{"line":92,"column":5}},"25":{"start":{"line":88,"column":6},"end":{"line":91,"column":9}},"26":{"start":{"line":94,"column":23},"end":{"line":101,"column":5}},"27":{"start":{"line":103,"column":26},"end":{"line":103,"column":68}},"28":{"start":{"line":105,"column":4},"end":{"line":105,"column":40}},"29":{"start":{"line":108,"column":4},"end":{"line":108,"column":16}},"30":{"start":{"line":117,"column":2},"end":{"line":169,"column":3}},"31":{"start":{"line":118,"column":21},"end":{"line":118,"column":34}},"32":{"start":{"line":120,"column":4},"end":{"line":125,"column":5}},"33":{"start":{"line":121,"column":6},"end":{"line":124,"column":9}},"34":{"start":{"line":127,"column":19},"end":{"line":127,"column":40}},"35":{"start":{"line":128,"column":4},"end":{"line":130,"column":5}},"36":{"start":{"line":129,"column":6},"end":{"line":129,"column":62}},"37":{"start":{"line":132,"column":23},"end":{"line":132,"column":25}},"38":{"start":{"line":133,"column":26},"end":{"line":133,"column":105}},"39":{"start":{"line":135,"column":4},"end":{"line":139,"column":5}},"40":{"start":{"line":136,"column":6},"end":{"line":138,"column":7}},"41":{"start":{"line":137,"column":8},"end":{"line":137,"column":44}},"42":{"start":{"line":141,"column":4},"end":{"line":146,"column":5}},"43":{"start":{"line":142,"column":6},"end":{"line":145,"column":9}},"44":{"start":{"line":149,"column":20},"end":{"line":149,"column":61}},"45":{"start":{"line":151,"column":2},"end":{"line":156,"column":3}},"46":{"start":{"line":152,"column":4},"end":{"line":155,"column":7}},"47":{"start":{"line":159,"column":24},"end":{"line":159,"column":76}},"48":{"start":{"line":162,"column":2},"end":{"line":165,"column":5}},"49":{"start":{"line":168,"column":4},"end":{"line":168,"column":16}},"50":{"start":{"line":181,"column":2},"end":{"line":208,"column":3}},"51":{"start":{"line":182,"column":21},"end":{"line":182,"column":34}},"52":{"start":{"line":184,"column":4},"end":{"line":189,"column":5}},"53":{"start":{"line":185,"column":6},"end":{"line":188,"column":9}},"54":{"start":{"line":192,"column":20},"end":{"line":192,"column":60}},"55":{"start":{"line":194,"column":4},"end":{"line":199,"column":5}},"56":{"start":{"line":195,"column":6},"end":{"line":198,"column":9}},"57":{"start":{"line":201,"column":4},"end":{"line":204,"column":7}},"58":{"start":{"line":207,"column":4},"end":{"line":207,"column":16}},"59":{"start":{"line":211,"column":0},"end":{"line":217,"column":2}}},"fnMap":{"0":{"name":"listTickets","decl":{"start":{"line":15,"column":15},"end":{"line":15,"column":26}},"loc":{"start":{"line":15,"column":43},"end":{"line":40,"column":1}},"line":15},"1":{"name":"getTicket","decl":{"start":{"line":46,"column":15},"end":{"line":46,"column":24}},"loc":{"start":{"line":46,"column":41},"end":{"line":71,"column":1}},"line":46},"2":{"name":"createTicket","decl":{"start":{"line":77,"column":15},"end":{"line":77,"column":27}},"loc":{"start":{"line":77,"column":44},"end":{"line":110,"column":1}},"line":77},"3":{"name":"updateTicket","decl":{"start":{"line":116,"column":15},"end":{"line":116,"column":27}},"loc":{"start":{"line":116,"column":44},"end":{"line":170,"column":1}},"line":116},"4":{"name":"deleteTicket","decl":{"start":{"line":180,"column":15},"end":{"line":180,"column":27}},"loc":{"start":{"line":180,"column":44},"end":{"line":209,"column":1}},"line":180}},"branchMap":{"0":{"loc":{"start":{"line":18,"column":4},"end":{"line":20,"column":5}},"type":"if","locations":[{"start":{"line":18,"column":4},"end":{"line":20,"column":5}},{"start":{},"end":{}}],"line":18},"1":{"loc":{"start":{"line":50,"column":4},"end":{"line":55,"column":5}},"type":"if","locations":[{"start":{"line":50,"column":4},"end":{"line":55,"column":5}},{"start":{},"end":{}}],"line":50},"2":{"loc":{"start":{"line":50,"column":8},"end":{"line":50,"column":43}},"type":"binary-expr","locations":[{"start":{"line":50,"column":8},"end":{"line":50,"column":17}},{"start":{"line":50,"column":21},"end":{"line":50,"column":43}}],"line":50},"3":{"loc":{"start":{"line":59,"column":4},"end":{"line":64,"column":5}},"type":"if","locations":[{"start":{"line":59,"column":4},"end":{"line":64,"column":5}},{"start":{},"end":{}}],"line":59},"4":{"loc":{"start":{"line":80,"column":4},"end":{"line":82,"column":5}},"type":"if","locations":[{"start":{"line":80,"column":4},"end":{"line":82,"column":5}},{"start":{},"end":{}}],"line":80},"5":{"loc":{"start":{"line":87,"column":4},"end":{"line":92,"column":5}},"type":"if","locations":[{"start":{"line":87,"column":4},"end":{"line":92,"column":5}},{"start":{},"end":{}}],"line":87},"6":{"loc":{"start":{"line":87,"column":8},"end":{"line":87,"column":37}},"type":"binary-expr","locations":[{"start":{"line":87,"column":8},"end":{"line":87,"column":14}},{"start":{"line":87,"column":18},"end":{"line":87,"column":37}}],"line":87},"7":{"loc":{"start":{"line":96,"column":19},"end":{"line":96,"column":58}},"type":"cond-expr","locations":[{"start":{"line":96,"column":33},"end":{"line":96,"column":51}},{"start":{"line":96,"column":54},"end":{"line":96,"column":58}}],"line":96},"8":{"loc":{"start":{"line":97,"column":16},"end":{"line":97,"column":31}},"type":"binary-expr","locations":[{"start":{"line":97,"column":16},"end":{"line":97,"column":24}},{"start":{"line":97,"column":28},"end":{"line":97,"column":31}}],"line":97},"9":{"loc":{"start":{"line":98,"column":16},"end":{"line":98,"column":38}},"type":"binary-expr","locations":[{"start":{"line":98,"column":16},"end":{"line":98,"column":24}},{"start":{"line":98,"column":28},"end":{"line":98,"column":38}}],"line":98},"10":{"loc":{"start":{"line":99,"column":14},"end":{"line":99,"column":28}},"type":"binary-expr","locations":[{"start":{"line":99,"column":14},"end":{"line":99,"column":20}},{"start":{"line":99,"column":24},"end":{"line":99,"column":28}}],"line":99},"11":{"loc":{"start":{"line":100,"column":15},"end":{"line":100,"column":30}},"type":"binary-expr","locations":[{"start":{"line":100,"column":15},"end":{"line":100,"column":22}},{"start":{"line":100,"column":26},"end":{"line":100,"column":30}}],"line":100},"12":{"loc":{"start":{"line":120,"column":4},"end":{"line":125,"column":5}},"type":"if","locations":[{"start":{"line":120,"column":4},"end":{"line":125,"column":5}},{"start":{},"end":{}}],"line":120},"13":{"loc":{"start":{"line":120,"column":8},"end":{"line":120,"column":43}},"type":"binary-expr","locations":[{"start":{"line":120,"column":8},"end":{"line":120,"column":17}},{"start":{"line":120,"column":21},"end":{"line":120,"column":43}}],"line":120},"14":{"loc":{"start":{"line":128,"column":4},"end":{"line":130,"column":5}},"type":"if","locations":[{"start":{"line":128,"column":4},"end":{"line":130,"column":5}},{"start":{},"end":{}}],"line":128},"15":{"loc":{"start":{"line":136,"column":6},"end":{"line":138,"column":7}},"type":"if","locations":[{"start":{"line":136,"column":6},"end":{"line":138,"column":7}},{"start":{},"end":{}}],"line":136},"16":{"loc":{"start":{"line":141,"column":4},"end":{"line":146,"column":5}},"type":"if","locations":[{"start":{"line":141,"column":4},"end":{"line":146,"column":5}},{"start":{},"end":{}}],"line":141},"17":{"loc":{"start":{"line":151,"column":2},"end":{"line":156,"column":3}},"type":"if","locations":[{"start":{"line":151,"column":2},"end":{"line":156,"column":3}},{"start":{},"end":{}}],"line":151},"18":{"loc":{"start":{"line":184,"column":4},"end":{"line":189,"column":5}},"type":"if","locations":[{"start":{"line":184,"column":4},"end":{"line":189,"column":5}},{"start":{},"end":{}}],"line":184},"19":{"loc":{"start":{"line":184,"column":8},"end":{"line":184,"column":43}},"type":"binary-expr","locations":[{"start":{"line":184,"column":8},"end":{"line":184,"column":17}},{"start":{"line":184,"column":21},"end":{"line":184,"column":43}}],"line":184},"20":{"loc":{"start":{"line":194,"column":4},"end":{"line":199,"column":5}},"type":"if","locations":[{"start":{"line":194,"column":4},"end":{"line":199,"column":5}},{"start":{},"end":{}}],"line":194}},"s":{"0":1,"1":1,"2":0,"3":0,"4":0,"5":0,"6":0,"7":0,"8":0,"9":0,"10":0,"11":0,"12":0,"13":0,"14":0,"15":0,"16":0,"17":0,"18":0,"19":0,"20":0,"21":0,"22":0,"23":0,"24":0,"25":0,"26":0,"27":0,"28":0,"29":0,"30":0,"31":0,"32":0,"33":0,"34":0,"35":0,"36":0,"37":0,"38":0,"39":0,"40":0,"41":0,"42":0,"43":0,"44":0,"45":0,"46":0,"47":0,"48":0,"49":0,"50":2,"51":2,"52":2,"53":0,"54":2,"55":2,"56":1,"57":1,"58":0,"59":1},"f":{"0":0,"1":0,"2":0,"3":0,"4":2},"b":{"0":[0,0],"1":[0,0],"2":[0,0],"3":[0,0],"4":[0,0],"5":[0,0],"6":[0,0],"7":[0,0],"8":[0,0],"9":[0,0],"10":[0,0],"11":[0,0],"12":[0,0],"13":[0,0],"14":[0,0],"15":[0,0],"16":[0,0],"17":[0,0],"18":[0,2],"19":[2,2],"20":[1,1]},"_coverageSchema":"1a1c01bbd47fc00a2c39e90264f33305004495a9","hash":"a0313ca1f3f1646ca387219275d18c23596ae421"}
}
