{"/home/vascovalerio123/Projects/M10projeto/server/src/app.js": {"path":"/home/vascovalerio123/Projects/M10projeto/server/src/app.js","statementMap":{"0":{"start":{"line":1,"column":16},"end":{"line":1,"column":34}},"1":{"start":{"line":2,"column":13},"end":{"line":2,"column":28}},"2":{"start":{"line":3,"column":15},"end":{"line":3,"column":32}},"3":{"start":{"line":4,"column":15},"end":{"line":4,"column":32}},"4":{"start":{"line":5,"column":13},"end":{"line":5,"column":28}},"5":{"start":{"line":6,"column":13},"end":{"line":6,"column":30}},"6":{"start":{"line":7,"column":18},"end":{"line":7,"column":47}},"7":{"start":{"line":9,"column":0},"end":{"line":9,"column":27}},"8":{"start":{"line":11,"column":31},"end":{"line":11,"column":59}},"9":{"start":{"line":12,"column":31},"end":{"line":12,"column":64}},"10":{"start":{"line":14,"column":21},"end":{"line":14,"column":53}},"11":{"start":{"line":15,"column":19},"end":{"line":15,"column":49}},"12":{"start":{"line":16,"column":21},"end":{"line":16,"column":53}},"13":{"start":{"line":17,"column":20},"end":{"line":17,"column":51}},"14":{"start":{"line":18,"column":21},"end":{"line":18,"column":53}},"15":{"start":{"line":19,"column":21},"end":{"line":19,"column":53}},"16":{"start":{"line":21,"column":24},"end":{"line":21,"column":59}},"17":{"start":{"line":22,"column":24},"end":{"line":22,"column":59}},"18":{"start":{"line":24,"column":15},"end":{"line":24,"column":40}},"19":{"start":{"line":25,"column":24},"end":{"line":25,"column":79}},"20":{"start":{"line":27,"column":12},"end":{"line":27,"column":21}},"21":{"start":{"line":28,"column":23},"end":{"line":31,"column":18}},"22":{"start":{"line":30,"column":17},"end":{"line":30,"column":30}},"23":{"start":{"line":34,"column":0},"end":{"line":34,"column":29}},"24":{"start":{"line":37,"column":0},"end":{"line":51,"column":5}},"25":{"start":{"line":39,"column":4},"end":{"line":39,"column":50}},"26":{"start":{"line":41,"column":23},"end":{"line":41,"column":49}},"27":{"start":{"line":42,"column":4},"end":{"line":46,"column":5}},"28":{"start":{"line":43,"column":6},"end":{"line":43,"column":93}},"29":{"start":{"line":45,"column":6},"end":{"line":45,"column":119}},"30":{"start":{"line":49,"column":4},"end":{"line":49,"column":62}},"31":{"start":{"line":50,"column":4},"end":{"line":50,"column":20}},"32":{"start":{"line":54,"column":0},"end":{"line":66,"column":4}},"33":{"start":{"line":67,"column":0},"end":{"line":76,"column":4}},"34":{"start":{"line":69,"column":4},"end":{"line":69,"column":45}},"35":{"start":{"line":69,"column":17},"end":{"line":69,"column":45}},"36":{"start":{"line":70,"column":4},"end":{"line":70,"column":69}},"37":{"start":{"line":70,"column":41},"end":{"line":70,"column":69}},"38":{"start":{"line":71,"column":4},"end":{"line":71,"column":61}},"39":{"start":{"line":77,"column":0},"end":{"line":77,"column":41}},"40":{"start":{"line":78,"column":0},"end":{"line":78,"column":48}},"41":{"start":{"line":79,"column":0},"end":{"line":79,"column":83}},"42":{"start":{"line":79,"column":53},"end":{"line":79,"column":76}},"43":{"start":{"line":82,"column":0},"end":{"line":82,"column":62}},"44":{"start":{"line":85,"column":0},"end":{"line":85,"column":72}},"45":{"start":{"line":88,"column":0},"end":{"line":88,"column":209}},"46":{"start":{"line":88,"column":30},"end":{"line":88,"column":207}},"47":{"start":{"line":90,"column":0},"end":{"line":90,"column":33}},"48":{"start":{"line":91,"column":0},"end":{"line":91,"column":33}},"49":{"start":{"line":92,"column":0},"end":{"line":92,"column":51}},"50":{"start":{"line":93,"column":0},"end":{"line":93,"column":48}},"51":{"start":{"line":96,"column":0},"end":{"line":96,"column":47}},"52":{"start":{"line":99,"column":0},"end":{"line":99,"column":68}},"53":{"start":{"line":102,"column":0},"end":{"line":102,"column":117}},"54":{"start":{"line":102,"column":19},"end":{"line":102,"column":115}},"55":{"start":{"line":103,"column":0},"end":{"line":109,"column":3}},"56":{"start":{"line":104,"column":2},"end":{"line":106,"column":3}},"57":{"start":{"line":105,"column":4},"end":{"line":105,"column":78}},"58":{"start":{"line":107,"column":2},"end":{"line":107,"column":40}},"59":{"start":{"line":108,"column":2},"end":{"line":108,"column":188}},"60":{"start":{"line":111,"column":0},"end":{"line":111,"column":21}}},"fnMap":{"0":{"name":"(anonymous_0)","decl":{"start":{"line":30,"column":7},"end":{"line":30,"column":8}},"loc":{"start":{"line":30,"column":17},"end":{"line":30,"column":30}},"line":30},"1":{"name":"(anonymous_1)","decl":{"start":{"line":38,"column":8},"end":{"line":38,"column":9}},"loc":{"start":{"line":38,"column":20},"end":{"line":47,"column":3}},"line":38},"2":{"name":"(anonymous_2)","decl":{"start":{"line":48,"column":9},"end":{"line":48,"column":10}},"loc":{"start":{"line":48,"column":18},"end":{"line":51,"column":3}},"line":48},"3":{"name":"(anonymous_3)","decl":{"start":{"line":68,"column":2},"end":{"line":68,"column":3}},"loc":{"start":{"line":68,"column":27},"end":{"line":72,"column":3}},"line":68},"4":{"name":"(anonymous_4)","decl":{"start":{"line":79,"column":46},"end":{"line":79,"column":47}},"loc":{"start":{"line":79,"column":53},"end":{"line":79,"column":76}},"line":79},"5":{"name":"(anonymous_5)","decl":{"start":{"line":88,"column":16},"end":{"line":88,"column":17}},"loc":{"start":{"line":88,"column":30},"end":{"line":88,"column":207}},"line":88},"6":{"name":"(anonymous_6)","decl":{"start":{"line":102,"column":8},"end":{"line":102,"column":9}},"loc":{"start":{"line":102,"column":19},"end":{"line":102,"column":115}},"line":102},"7":{"name":"(anonymous_7)","decl":{"start":{"line":103,"column":8},"end":{"line":103,"column":9}},"loc":{"start":{"line":103,"column":31},"end":{"line":109,"column":1}},"line":103}},"branchMap":{"0":{"loc":{"start":{"line":28,"column":24},"end":{"line":28,"column":99}},"type":"binary-expr","locations":[{"start":{"line":28,"column":24},"end":{"line":28,"column":50}},{"start":{"line":28,"column":54},"end":{"line":28,"column":99}}],"line":28},"1":{"loc":{"start":{"line":42,"column":4},"end":{"line":46,"column":5}},"type":"if","locations":[{"start":{"line":42,"column":4},"end":{"line":46,"column":5}},{"start":{"line":44,"column":11},"end":{"line":46,"column":5}}],"line":42},"2":{"loc":{"start":{"line":45,"column":85},"end":{"line":45,"column":114}},"type":"binary-expr","locations":[{"start":{"line":45,"column":85},"end":{"line":45,"column":109}},{"start":{"line":45,"column":113},"end":{"line":45,"column":114}}],"line":45},"3":{"loc":{"start":{"line":69,"column":4},"end":{"line":69,"column":45}},"type":"if","locations":[{"start":{"line":69,"column":4},"end":{"line":69,"column":45}},{"start":{},"end":{}}],"line":69},"4":{"loc":{"start":{"line":70,"column":4},"end":{"line":70,"column":69}},"type":"if","locations":[{"start":{"line":70,"column":4},"end":{"line":70,"column":69}},{"start":{},"end":{}}],"line":70},"5":{"loc":{"start":{"line":104,"column":2},"end":{"line":106,"column":3}},"type":"if","locations":[{"start":{"line":104,"column":2},"end":{"line":106,"column":3}},{"start":{},"end":{}}],"line":104},"6":{"loc":{"start":{"line":104,"column":6},"end":{"line":104,"column":57}},"type":"binary-expr","locations":[{"start":{"line":104,"column":6},"end":{"line":104,"column":9}},{"start":{"line":104,"column":13},"end":{"line":104,"column":57}}],"line":104},"7":{"loc":{"start":{"line":108,"column":13},"end":{"line":108,"column":28}},"type":"binary-expr","locations":[{"start":{"line":108,"column":13},"end":{"line":108,"column":23}},{"start":{"line":108,"column":25},"end":{"line":108,"column":28}}],"line":108},"8":{"loc":{"start":{"line":108,"column":43},"end":{"line":108,"column":76}},"type":"binary-expr","locations":[{"start":{"line":108,"column":43},"end":{"line":108,"column":51}},{"start":{"line":108,"column":53},"end":{"line":108,"column":76}}],"line":108},"9":{"loc":{"start":{"line":108,"column":86},"end":{"line":108,"column":117}},"type":"binary-expr","locations":[{"start":{"line":108,"column":86},"end":{"line":108,"column":97}},{"start":{"line":108,"column":99},"end":{"line":108,"column":117}}],"line":108},"10":{"loc":{"start":{"line":108,"column":123},"end":{"line":108,"column":183}},"type":"binary-expr","locations":[{"start":{"line":108,"column":123},"end":{"line":108,"column":159}},{"start":{"line":108,"column":163},"end":{"line":108,"column":183}}],"line":108}},"s":{"0":1,"1":1,"2":1,"3":1,"4":1,"5":1,"6":1,"7":1,"8":1,"9":1,"10":1,"11":1,"12":1,"13":1,"14":1,"15":1,"16":1,"17":1,"18":1,"19":1,"20":1,"21":1,"22":2,"23":1,"24":1,"25":1,"26":1,"27":0,"28":0,"29":0,"30":0,"31":0,"32":1,"33":1,"34":4,"35":4,"36":0,"37":0,"38":0,"39":1,"40":1,"41":1,"42":4,"43":1,"44":1,"45":1,"46":1,"47":1,"48":1,"49":1,"50":1,"51":1,"52":1,"53":1,"54":1,"55":1,"56":0,"57":0,"58":0,"59":0,"60":1},"f":{"0":2,"1":1,"2":0,"3":4,"4":4,"5":1,"6":1,"7":0},"b":{"0":[1,1],"1":[0,0],"2":[0,0],"3":[4,0],"4":[0,0],"5":[0,0],"6":[0,0],"7":[0,0],"8":[0,0],"9":[0,0],"10":[0,0]},"_coverageSchema":"1a1c01bbd47fc00a2c39e90264f33305004495a9","hash":"2f6d4820828cc181c8923b4bdee465877162f042"}
,"/home/vascovalerio123/Projects/M10projeto/server/src/config/database.js": {"path":"/home/vascovalerio123/Projects/M10projeto/server/src/config/database.js","statementMap":{"0":{"start":{"line":7,"column":16},"end":{"line":7,"column":44}},"1":{"start":{"line":8,"column":15},"end":{"line":8,"column":32}},"2":{"start":{"line":9,"column":13},"end":{"line":9,"column":28}},"3":{"start":{"line":10,"column":11},"end":{"line":10,"column":30}},"4":{"start":{"line":11,"column":0},"end":{"line":11,"column":27}},"5":{"start":{"line":13,"column":15},"end":{"line":13,"column":97}},"6":{"start":{"line":15,"column":9},"end":{"line":15,"column":13}},"7":{"start":{"line":16,"column":26},"end":{"line":16,"column":30}},"8":{"start":{"line":22,"column":2},"end":{"line":22,"column":20}},"9":{"start":{"line":22,"column":10},"end":{"line":22,"column":20}},"10":{"start":{"line":23,"column":2},"end":{"line":23,"column":54}},"11":{"start":{"line":23,"column":27},"end":{"line":23,"column":54}},"12":{"start":{"line":25,"column":2},"end":{"line":158,"column":7}},"13":{"start":{"line":26,"column":4},"end":{"line":26,"column":45}},"14":{"start":{"line":28,"column":21},"end":{"line":31,"column":6}},"15":{"start":{"line":33,"column":4},"end":{"line":33,"column":18}},"16":{"start":{"line":34,"column":4},"end":{"line":34,"column":49}},"17":{"start":{"line":37,"column":4},"end":{"line":52,"column":7}},"18":{"start":{"line":55,"column":4},"end":{"line":63,"column":7}},"19":{"start":{"line":66,"column":21},"end":{"line":66,"column":61}},"20":{"start":{"line":67,"column":20},"end":{"line":67,"column":62}},"21":{"start":{"line":67,"column":39},"end":{"line":67,"column":61}},"22":{"start":{"line":68,"column":4},"end":{"line":70,"column":5}},"23":{"start":{"line":69,"column":6},"end":{"line":69,"column":86}},"24":{"start":{"line":71,"column":28},"end":{"line":71,"column":79}},"25":{"start":{"line":71,"column":47},"end":{"line":71,"column":78}},"26":{"start":{"line":72,"column":4},"end":{"line":74,"column":5}},"27":{"start":{"line":73,"column":6},"end":{"line":73,"column":93}},"28":{"start":{"line":77,"column":4},"end":{"line":87,"column":7}},"29":{"start":{"line":90,"column":4},"end":{"line":100,"column":7}},"30":{"start":{"line":102,"column":4},"end":{"line":108,"column":7}},"31":{"start":{"line":110,"column":4},"end":{"line":116,"column":7}},"32":{"start":{"line":119,"column":4},"end":{"line":128,"column":7}},"33":{"start":{"line":130,"column":4},"end":{"line":132,"column":7}},"34":{"start":{"line":135,"column":4},"end":{"line":139,"column":7}},"35":{"start":{"line":141,"column":4},"end":{"line":146,"column":7}},"36":{"start":{"line":148,"column":4},"end":{"line":148,"column":60}},"37":{"start":{"line":150,"column":4},"end":{"line":150,"column":14}},"38":{"start":{"line":153,"column":6},"end":{"line":153,"column":62}},"39":{"start":{"line":154,"column":6},"end":{"line":154,"column":18}},"40":{"start":{"line":157,"column":6},"end":{"line":157,"column":33}},"41":{"start":{"line":160,"column":2},"end":{"line":160,"column":29}},"42":{"start":{"line":164,"column":2},"end":{"line":164,"column":89}},"43":{"start":{"line":164,"column":11},"end":{"line":164,"column":89}},"44":{"start":{"line":165,"column":2},"end":{"line":165,"column":12}},"45":{"start":{"line":169,"column":2},"end":{"line":173,"column":3}},"46":{"start":{"line":170,"column":4},"end":{"line":170,"column":21}},"47":{"start":{"line":171,"column":4},"end":{"line":171,"column":14}},"48":{"start":{"line":172,"column":4},"end":{"line":172,"column":46}},"49":{"start":{"line":176,"column":0},"end":{"line":180,"column":2}}},"fnMap":{"0":{"name":"initializeDatabase","decl":{"start":{"line":21,"column":15},"end":{"line":21,"column":33}},"loc":{"start":{"line":21,"column":36},"end":{"line":161,"column":1}},"line":21},"1":{"name":"(anonymous_1)","decl":{"start":{"line":25,"column":25},"end":{"line":25,"column":26}},"loc":{"start":{"line":25,"column":37},"end":{"line":151,"column":3}},"line":25},"2":{"name":"(anonymous_2)","decl":{"start":{"line":67,"column":34},"end":{"line":67,"column":35}},"loc":{"start":{"line":67,"column":39},"end":{"line":67,"column":61}},"line":67},"3":{"name":"(anonymous_3)","decl":{"start":{"line":71,"column":42},"end":{"line":71,"column":43}},"loc":{"start":{"line":71,"column":47},"end":{"line":71,"column":78}},"line":71},"4":{"name":"(anonymous_4)","decl":{"start":{"line":152,"column":11},"end":{"line":152,"column":12}},"loc":{"start":{"line":152,"column":20},"end":{"line":155,"column":5}},"line":152},"5":{"name":"(anonymous_5)","decl":{"start":{"line":156,"column":13},"end":{"line":156,"column":14}},"loc":{"start":{"line":156,"column":19},"end":{"line":158,"column":5}},"line":156},"6":{"name":"getDatabase","decl":{"start":{"line":163,"column":9},"end":{"line":163,"column":20}},"loc":{"start":{"line":163,"column":23},"end":{"line":166,"column":1}},"line":163},"7":{"name":"closeDatabase","decl":{"start":{"line":168,"column":15},"end":{"line":168,"column":28}},"loc":{"start":{"line":168,"column":31},"end":{"line":174,"column":1}},"line":168}},"branchMap":{"0":{"loc":{"start":{"line":13,"column":49},"end":{"line":13,"column":96}},"type":"binary-expr","locations":[{"start":{"line":13,"column":49},"end":{"line":13,"column":73}},{"start":{"line":13,"column":77},"end":{"line":13,"column":96}}],"line":13},"1":{"loc":{"start":{"line":22,"column":2},"end":{"line":22,"column":20}},"type":"if","locations":[{"start":{"line":22,"column":2},"end":{"line":22,"column":20}},{"start":{},"end":{}}],"line":22},"2":{"loc":{"start":{"line":23,"column":2},"end":{"line":23,"column":54}},"type":"if","locations":[{"start":{"line":23,"column":2},"end":{"line":23,"column":54}},{"start":{},"end":{}}],"line":23},"3":{"loc":{"start":{"line":67,"column":39},"end":{"line":67,"column":61}},"type":"binary-expr","locations":[{"start":{"line":67,"column":39},"end":{"line":67,"column":40}},{"start":{"line":67,"column":44},"end":{"line":67,"column":61}}],"line":67},"4":{"loc":{"start":{"line":68,"column":4},"end":{"line":70,"column":5}},"type":"if","locations":[{"start":{"line":68,"column":4},"end":{"line":70,"column":5}},{"start":{},"end":{}}],"line":68},"5":{"loc":{"start":{"line":71,"column":47},"end":{"line":71,"column":78}},"type":"binary-expr","locations":[{"start":{"line":71,"column":47},"end":{"line":71,"column":48}},{"start":{"line":71,"column":52},"end":{"line":71,"column":78}}],"line":71},"6":{"loc":{"start":{"line":72,"column":4},"end":{"line":74,"column":5}},"type":"if","locations":[{"start":{"line":72,"column":4},"end":{"line":74,"column":5}},{"start":{},"end":{}}],"line":72},"7":{"loc":{"start":{"line":164,"column":2},"end":{"line":164,"column":89}},"type":"if","locations":[{"start":{"line":164,"column":2},"end":{"line":164,"column":89}},{"start":{},"end":{}}],"line":164},"8":{"loc":{"start":{"line":169,"column":2},"end":{"line":173,"column":3}},"type":"if","locations":[{"start":{"line":169,"column":2},"end":{"line":173,"column":3}},{"start":{},"end":{}}],"line":169}},"s":{"0":1,"1":1,"2":1,"3":1,"4":1,"5":1,"6":1,"7":1,"8":1,"9":0,"10":1,"11":0,"12":1,"13":1,"14":1,"15":1,"16":1,"17":1,"18":1,"19":1,"20":1,"21":5,"22":1,"23":0,"24":1,"25":6,"26":1,"27":0,"28":1,"29":1,"30":1,"31":1,"32":1,"33":1,"34":1,"35":1,"36":1,"37":1,"38":0,"39":0,"40":1,"41":1,"42":1,"43":0,"44":1,"45":0,"46":0,"47":0,"48":0,"49":1},"f":{"0":1,"1":1,"2":5,"3":6,"4":0,"5":1,"6":1,"7":0},"b":{"0":[1,1],"1":[0,1],"2":[0,1],"3":[5,5],"4":[0,1],"5":[6,6],"6":[0,1],"7":[0,1],"8":[0,0]},"_coverageSchema":"1a1c01bbd47fc00a2c39e90264f33305004495a9","hash":"4d627b5fbd2adc4f649a19af6c64f2228269ddcf"}
,"/home/vascovalerio123/Projects/M10projeto/server/src/controllers/authController.js": {"path":"/home/vascovalerio123/Projects/M10projeto/server/src/controllers/authController.js","statementMap":{"0":{"start":{"line":10,"column":29},"end":{"line":10,"column":57}},"1":{"start":{"line":11,"column":18},"end":{"line":11,"column":48}},"2":{"start":{"line":12,"column":21},"end":{"line":12,"column":54}},"3":{"start":{"line":13,"column":22},"end":{"line":13,"column":56}},"4":{"start":{"line":14,"column":25},"end":{"line":14,"column":66}},"5":{"start":{"line":15,"column":59},"end":{"line":15,"column":87}},"6":{"start":{"line":16,"column":12},"end":{"line":16,"column":35}},"7":{"start":{"line":18,"column":28},"end":{"line":18,"column":43}},"8":{"start":{"line":19,"column":34},"end":{"line":19,"column":103}},"9":{"start":{"line":22,"column":14},"end":{"line":22,"column":38}},"10":{"start":{"line":23,"column":16},"end":{"line":23,"column":65}},"11":{"start":{"line":23,"column":40},"end":{"line":23,"column":48}},"12":{"start":{"line":24,"column":2},"end":{"line":30,"column":3}},"13":{"start":{"line":25,"column":16},"end":{"line":25,"column":30}},"14":{"start":{"line":26,"column":4},"end":{"line":26,"column":27}},"15":{"start":{"line":26,"column":18},"end":{"line":26,"column":27}},"16":{"start":{"line":27,"column":16},"end":{"line":27,"column":38}},"17":{"start":{"line":28,"column":16},"end":{"line":28,"column":39}},"18":{"start":{"line":29,"column":4},"end":{"line":29,"column":53}},"19":{"start":{"line":29,"column":22},"end":{"line":29,"column":53}},"20":{"start":{"line":31,"column":2},"end":{"line":31,"column":14}},"21":{"start":{"line":35,"column":17},"end":{"line":35,"column":54}},"22":{"start":{"line":36,"column":2},"end":{"line":42,"column":5}},"23":{"start":{"line":46,"column":2},"end":{"line":51,"column":5}},"24":{"start":{"line":55,"column":2},"end":{"line":60,"column":5}},"25":{"start":{"line":64,"column":14},"end":{"line":64,"column":44}},"26":{"start":{"line":65,"column":17},"end":{"line":68,"column":20}},"27":{"start":{"line":67,"column":14},"end":{"line":67,"column":36}},"28":{"start":{"line":69,"column":2},"end":{"line":69,"column":32}},"29":{"start":{"line":73,"column":2},"end":{"line":126,"column":3}},"30":{"start":{"line":74,"column":19},"end":{"line":74,"column":40}},"31":{"start":{"line":75,"column":4},"end":{"line":75,"column":83}},"32":{"start":{"line":75,"column":27},"end":{"line":75,"column":83}},"33":{"start":{"line":77,"column":18},"end":{"line":77,"column":67}},"34":{"start":{"line":78,"column":21},"end":{"line":78,"column":52}},"35":{"start":{"line":80,"column":4},"end":{"line":90,"column":5}},"36":{"start":{"line":81,"column":6},"end":{"line":85,"column":9}},"37":{"start":{"line":86,"column":6},"end":{"line":89,"column":9}},"38":{"start":{"line":92,"column":21},"end":{"line":92,"column":58}},"39":{"start":{"line":93,"column":4},"end":{"line":101,"column":5}},"40":{"start":{"line":94,"column":6},"end":{"line":99,"column":9}},"41":{"start":{"line":100,"column":6},"end":{"line":100,"column":89}},"42":{"start":{"line":103,"column":25},"end":{"line":103,"column":53}},"43":{"start":{"line":104,"column":15},"end":{"line":104,"column":66}},"44":{"start":{"line":107,"column":4},"end":{"line":109,"column":5}},"45":{"start":{"line":108,"column":6},"end":{"line":108,"column":59}},"46":{"start":{"line":111,"column":4},"end":{"line":116,"column":7}},"47":{"start":{"line":118,"column":4},"end":{"line":123,"column":7}},"48":{"start":{"line":125,"column":4},"end":{"line":125,"column":21}},"49":{"start":{"line":130,"column":2},"end":{"line":195,"column":3}},"50":{"start":{"line":131,"column":19},"end":{"line":131,"column":40}},"51":{"start":{"line":132,"column":4},"end":{"line":134,"column":5}},"52":{"start":{"line":133,"column":6},"end":{"line":133,"column":62}},"53":{"start":{"line":136,"column":18},"end":{"line":136,"column":67}},"54":{"start":{"line":137,"column":21},"end":{"line":137,"column":52}},"55":{"start":{"line":140,"column":20},"end":{"line":140,"column":57}},"56":{"start":{"line":141,"column":4},"end":{"line":152,"column":5}},"57":{"start":{"line":142,"column":6},"end":{"line":142,"column":53}},"58":{"start":{"line":143,"column":6},"end":{"line":147,"column":9}},"59":{"start":{"line":148,"column":6},"end":{"line":151,"column":9}},"60":{"start":{"line":155,"column":15},"end":{"line":155,"column":68}},"61":{"start":{"line":156,"column":4},"end":{"line":168,"column":5}},"62":{"start":{"line":157,"column":6},"end":{"line":157,"column":73}},"63":{"start":{"line":158,"column":6},"end":{"line":163,"column":9}},"64":{"start":{"line":164,"column":6},"end":{"line":167,"column":9}},"65":{"start":{"line":171,"column":4},"end":{"line":171,"column":71}},"66":{"start":{"line":173,"column":15},"end":{"line":173,"column":48}},"67":{"start":{"line":174,"column":22},"end":{"line":174,"column":55}},"68":{"start":{"line":176,"column":20},"end":{"line":176,"column":83}},"69":{"start":{"line":177,"column":24},"end":{"line":177,"column":49}},"70":{"start":{"line":178,"column":4},"end":{"line":178,"column":41}},"71":{"start":{"line":180,"column":4},"end":{"line":185,"column":7}},"72":{"start":{"line":187,"column":4},"end":{"line":191,"column":7}},"73":{"start":{"line":194,"column":4},"end":{"line":194,"column":21}},"74":{"start":{"line":199,"column":2},"end":{"line":199,"column":43}},"75":{"start":{"line":203,"column":2},"end":{"line":218,"column":3}},"76":{"start":{"line":204,"column":25},"end":{"line":204,"column":65}},"77":{"start":{"line":205,"column":4},"end":{"line":207,"column":5}},"78":{"start":{"line":206,"column":6},"end":{"line":206,"column":53}},"79":{"start":{"line":208,"column":4},"end":{"line":208,"column":28}},"80":{"start":{"line":209,"column":4},"end":{"line":214,"column":7}},"81":{"start":{"line":215,"column":4},"end":{"line":215,"column":47}},"82":{"start":{"line":217,"column":4},"end":{"line":217,"column":21}},"83":{"start":{"line":222,"column":2},"end":{"line":275,"column":3}},"84":{"start":{"line":223,"column":25},"end":{"line":223,"column":65}},"85":{"start":{"line":224,"column":4},"end":{"line":231,"column":5}},"86":{"start":{"line":225,"column":6},"end":{"line":229,"column":9}},"87":{"start":{"line":230,"column":6},"end":{"line":230,"column":97}},"88":{"start":{"line":233,"column":27},"end":{"line":233,"column":77}},"89":{"start":{"line":234,"column":4},"end":{"line":242,"column":5}},"90":{"start":{"line":235,"column":6},"end":{"line":235,"column":30}},"91":{"start":{"line":236,"column":6},"end":{"line":240,"column":9}},"92":{"start":{"line":241,"column":6},"end":{"line":241,"column":109}},"93":{"start":{"line":244,"column":17},"end":{"line":244,"column":68}},"94":{"start":{"line":245,"column":4},"end":{"line":254,"column":5}},"95":{"start":{"line":246,"column":6},"end":{"line":246,"column":53}},"96":{"start":{"line":247,"column":6},"end":{"line":247,"column":30}},"97":{"start":{"line":248,"column":6},"end":{"line":252,"column":9}},"98":{"start":{"line":253,"column":6},"end":{"line":253,"column":94}},"99":{"start":{"line":256,"column":4},"end":{"line":256,"column":51}},"100":{"start":{"line":257,"column":15},"end":{"line":257,"column":48}},"101":{"start":{"line":258,"column":22},"end":{"line":258,"column":55}},"102":{"start":{"line":259,"column":23},"end":{"line":259,"column":83}},"103":{"start":{"line":260,"column":4},"end":{"line":260,"column":44}},"104":{"start":{"line":262,"column":24},"end":{"line":262,"column":46}},"105":{"start":{"line":263,"column":4},"end":{"line":268,"column":7}},"106":{"start":{"line":269,"column":4},"end":{"line":272,"column":7}},"107":{"start":{"line":274,"column":4},"end":{"line":274,"column":21}},"108":{"start":{"line":278,"column":0},"end":{"line":284,"column":2}}},"fnMap":{"0":{"name":"getCookieValue","decl":{"start":{"line":21,"column":9},"end":{"line":21,"column":23}},"loc":{"start":{"line":21,"column":35},"end":{"line":32,"column":1}},"line":21},"1":{"name":"(anonymous_1)","decl":{"start":{"line":23,"column":35},"end":{"line":23,"column":36}},"loc":{"start":{"line":23,"column":40},"end":{"line":23,"column":48}},"line":23},"2":{"name":"setRefreshCookie","decl":{"start":{"line":34,"column":9},"end":{"line":34,"column":25}},"loc":{"start":{"line":34,"column":38},"end":{"line":43,"column":1}},"line":34},"3":{"name":"clearRefreshCookie","decl":{"start":{"line":45,"column":9},"end":{"line":45,"column":27}},"loc":{"start":{"line":45,"column":33},"end":{"line":52,"column":1}},"line":45},"4":{"name":"buildAccessToken","decl":{"start":{"line":54,"column":9},"end":{"line":54,"column":25}},"loc":{"start":{"line":54,"column":32},"end":{"line":61,"column":1}},"line":54},"5":{"name":"isAdminEmail","decl":{"start":{"line":63,"column":9},"end":{"line":63,"column":21}},"loc":{"start":{"line":63,"column":29},"end":{"line":70,"column":1}},"line":63},"6":{"name":"(anonymous_6)","decl":{"start":{"line":67,"column":9},"end":{"line":67,"column":10}},"loc":{"start":{"line":67,"column":14},"end":{"line":67,"column":36}},"line":67},"7":{"name":"register","decl":{"start":{"line":72,"column":15},"end":{"line":72,"column":23}},"loc":{"start":{"line":72,"column":40},"end":{"line":127,"column":1}},"line":72},"8":{"name":"login","decl":{"start":{"line":129,"column":15},"end":{"line":129,"column":20}},"loc":{"start":{"line":129,"column":37},"end":{"line":196,"column":1}},"line":129},"9":{"name":"me","decl":{"start":{"line":198,"column":15},"end":{"line":198,"column":17}},"loc":{"start":{"line":198,"column":28},"end":{"line":200,"column":1}},"line":198},"10":{"name":"logout","decl":{"start":{"line":202,"column":15},"end":{"line":202,"column":21}},"loc":{"start":{"line":202,"column":38},"end":{"line":219,"column":1}},"line":202},"11":{"name":"refresh","decl":{"start":{"line":221,"column":15},"end":{"line":221,"column":22}},"loc":{"start":{"line":221,"column":39},"end":{"line":276,"column":1}},"line":221}},"branchMap":{"0":{"loc":{"start":{"line":19,"column":41},"end":{"line":19,"column":102}},"type":"binary-expr","locations":[{"start":{"line":19,"column":41},"end":{"line":19,"column":73}},{"start":{"line":19,"column":78},"end":{"line":19,"column":101}}],"line":19},"1":{"loc":{"start":{"line":22,"column":14},"end":{"line":22,"column":38}},"type":"binary-expr","locations":[{"start":{"line":22,"column":14},"end":{"line":22,"column":32}},{"start":{"line":22,"column":36},"end":{"line":22,"column":38}}],"line":22},"2":{"loc":{"start":{"line":26,"column":4},"end":{"line":26,"column":27}},"type":"if","locations":[{"start":{"line":26,"column":4},"end":{"line":26,"column":27}},{"start":{},"end":{}}],"line":26},"3":{"loc":{"start":{"line":29,"column":4},"end":{"line":29,"column":53}},"type":"if","locations":[{"start":{"line":29,"column":4},"end":{"line":29,"column":53}},{"start":{},"end":{}}],"line":29},"4":{"loc":{"start":{"line":59,"column":18},"end":{"line":59,"column":41}},"type":"binary-expr","locations":[{"start":{"line":59,"column":18},"end":{"line":59,"column":36}},{"start":{"line":59,"column":40},"end":{"line":59,"column":41}}],"line":59},"5":{"loc":{"start":{"line":64,"column":14},"end":{"line":64,"column":44}},"type":"binary-expr","locations":[{"start":{"line":64,"column":14},"end":{"line":64,"column":38}},{"start":{"line":64,"column":42},"end":{"line":64,"column":44}}],"line":64},"6":{"loc":{"start":{"line":75,"column":4},"end":{"line":75,"column":83}},"type":"if","locations":[{"start":{"line":75,"column":4},"end":{"line":75,"column":83}},{"start":{},"end":{}}],"line":75},"7":{"loc":{"start":{"line":77,"column":25},"end":{"line":77,"column":45}},"type":"binary-expr","locations":[{"start":{"line":77,"column":25},"end":{"line":77,"column":39}},{"start":{"line":77,"column":43},"end":{"line":77,"column":45}}],"line":77},"8":{"loc":{"start":{"line":78,"column":28},"end":{"line":78,"column":51}},"type":"binary-expr","locations":[{"start":{"line":78,"column":28},"end":{"line":78,"column":45}},{"start":{"line":78,"column":49},"end":{"line":78,"column":51}}],"line":78},"9":{"loc":{"start":{"line":80,"column":4},"end":{"line":90,"column":5}},"type":"if","locations":[{"start":{"line":80,"column":4},"end":{"line":90,"column":5}},{"start":{},"end":{}}],"line":80},"10":{"loc":{"start":{"line":93,"column":4},"end":{"line":101,"column":5}},"type":"if","locations":[{"start":{"line":93,"column":4},"end":{"line":101,"column":5}},{"start":{},"end":{}}],"line":93},"11":{"loc":{"start":{"line":107,"column":4},"end":{"line":109,"column":5}},"type":"if","locations":[{"start":{"line":107,"column":4},"end":{"line":109,"column":5}},{"start":{},"end":{}}],"line":107},"12":{"loc":{"start":{"line":107,"column":8},"end":{"line":107,"column":52}},"type":"binary-expr","locations":[{"start":{"line":107,"column":8},"end":{"line":107,"column":27}},{"start":{"line":107,"column":31},"end":{"line":107,"column":52}}],"line":107},"13":{"loc":{"start":{"line":132,"column":4},"end":{"line":134,"column":5}},"type":"if","locations":[{"start":{"line":132,"column":4},"end":{"line":134,"column":5}},{"start":{},"end":{}}],"line":132},"14":{"loc":{"start":{"line":136,"column":25},"end":{"line":136,"column":45}},"type":"binary-expr","locations":[{"start":{"line":136,"column":25},"end":{"line":136,"column":39}},{"start":{"line":136,"column":43},"end":{"line":136,"column":45}}],"line":136},"15":{"loc":{"start":{"line":137,"column":28},"end":{"line":137,"column":51}},"type":"binary-expr","locations":[{"start":{"line":137,"column":28},"end":{"line":137,"column":45}},{"start":{"line":137,"column":49},"end":{"line":137,"column":51}}],"line":137},"16":{"loc":{"start":{"line":141,"column":4},"end":{"line":152,"column":5}},"type":"if","locations":[{"start":{"line":141,"column":4},"end":{"line":152,"column":5}},{"start":{},"end":{}}],"line":141},"17":{"loc":{"start":{"line":156,"column":4},"end":{"line":168,"column":5}},"type":"if","locations":[{"start":{"line":156,"column":4},"end":{"line":168,"column":5}},{"start":{},"end":{}}],"line":156},"18":{"loc":{"start":{"line":174,"column":22},"end":{"line":174,"column":55}},"type":"binary-expr","locations":[{"start":{"line":174,"column":22},"end":{"line":174,"column":47}},{"start":{"line":174,"column":51},"end":{"line":174,"column":55}}],"line":174},"19":{"loc":{"start":{"line":205,"column":4},"end":{"line":207,"column":5}},"type":"if","locations":[{"start":{"line":205,"column":4},"end":{"line":207,"column":5}},{"start":{},"end":{}}],"line":205},"20":{"loc":{"start":{"line":224,"column":4},"end":{"line":231,"column":5}},"type":"if","locations":[{"start":{"line":224,"column":4},"end":{"line":231,"column":5}},{"start":{},"end":{}}],"line":224},"21":{"loc":{"start":{"line":234,"column":4},"end":{"line":242,"column":5}},"type":"if","locations":[{"start":{"line":234,"column":4},"end":{"line":242,"column":5}},{"start":{},"end":{}}],"line":234},"22":{"loc":{"start":{"line":245,"column":4},"end":{"line":254,"column":5}},"type":"if","locations":[{"start":{"line":245,"column":4},"end":{"line":254,"column":5}},{"start":{},"end":{}}],"line":245},"23":{"loc":{"start":{"line":258,"column":22},"end":{"line":258,"column":55}},"type":"binary-expr","locations":[{"start":{"line":258,"column":22},"end":{"line":258,"column":47}},{"start":{"line":258,"column":51},"end":{"line":258,"column":55}}],"line":258}},"s":{"0":1,"1":1,"2":1,"3":1,"4":1,"5":1,"6":1,"7":1,"8":1,"9":0,"10":0,"11":0,"12":0,"13":0,"14":0,"15":0,"16":0,"17":0,"18":0,"19":0,"20":0,"21":0,"22":0,"23":0,"24":0,"25":0,"26":0,"27":0,"28":0,"29":0,"30":0,"31":0,"32":0,"33":0,"34":0,"35":0,"36":0,"37":0,"38":0,"39":0,"40":0,"41":0,"42":0,"43":0,"44":0,"45":0,"46":0,"47":0,"48":0,"49":0,"50":0,"51":0,"52":0,"53":0,"54":0,"55":0,"56":0,"57":0,"58":0,"59":0,"60":0,"61":0,"62":0,"63":0,"64":0,"65":0,"66":0,"67":0,"68":0,"69":0,"70":0,"71":0,"72":0,"73":0,"74":0,"75":0,"76":0,"77":0,"78":0,"79":0,"80":0,"81":0,"82":0,"83":0,"84":0,"85":0,"86":0,"87":0,"88":0,"89":0,"90":0,"91":0,"92":0,"93":0,"94":0,"95":0,"96":0,"97":0,"98":0,"99":0,"100":0,"101":0,"102":0,"103":0,"104":0,"105":0,"106":0,"107":0,"108":1},"f":{"0":0,"1":0,"2":0,"3":0,"4":0,"5":0,"6":0,"7":0,"8":0,"9":0,"10":0,"11":0},"b":{"0":[1,1],"1":[0,0],"2":[0,0],"3":[0,0],"4":[0,0],"5":[0,0],"6":[0,0],"7":[0,0],"8":[0,0],"9":[0,0],"10":[0,0],"11":[0,0],"12":[0,0],"13":[0,0],"14":[0,0],"15":[0,0],"16":[0,0],"17":[0,0],"18":[0,0],"19":[0,0],"20":[0,0],"21":[0,0],"22":[0,0],"23":[0,0]},"_coverageSchema":"1a1c01bbd47fc00a2c39e90264f33305004495a9","hash":"e1623e6f63b6ec7e9028fffc2b4429900ee631bb"}
,"/home/vascovalerio123/Projects/M10projeto/server/src/controllers/healthController.js": {"path":"/home/vascovalerio123/Projects/M10projeto/server/src/controllers/healthController.js","statementMap":{"0":{"start":{"line":7,"column":11},"end":{"line":7,"column":24}},"1":{"start":{"line":14,"column":17},"end":{"line":14,"column":33}},"2":{"start":{"line":15,"column":22},"end":{"line":15,"column":43}},"3":{"start":{"line":16,"column":18},"end":{"line":16,"column":30}},"4":{"start":{"line":18,"column":2},"end":{"line":34,"column":5}},"5":{"start":{"line":30,"column":35},"end":{"line":30,"column":50}},"6":{"start":{"line":37,"column":0},"end":{"line":39,"column":2}}},"fnMap":{"0":{"name":"getHealth","decl":{"start":{"line":13,"column":15},"end":{"line":13,"column":24}},"loc":{"start":{"line":13,"column":35},"end":{"line":35,"column":1}},"line":13},"1":{"name":"(anonymous_1)","decl":{"start":{"line":30,"column":27},"end":{"line":30,"column":28}},"loc":{"start":{"line":30,"column":35},"end":{"line":30,"column":50}},"line":30}},"branchMap":{},"s":{"0":1,"1":1,"2":1,"3":1,"4":1,"5":3,"6":1},"f":{"0":1,"1":3},"b":{},"_coverageSchema":"1a1c01bbd47fc00a2c39e90264f33305004495a9","hash":"92654b21b0894362dc918b397957da92179ee130"}
,"/home/vascovalerio123/Projects/M10projeto/server/src/controllers/secretController.js": {"path":"/home/vascovalerio123/Projects/M10projeto/server/src/controllers/secretController.js","statementMap":{"0":{"start":{"line":1,"column":29},"end":{"line":1,"column":57}},"1":{"start":{"line":2,"column":20},"end":{"line":2,"column":52}},"2":{"start":{"line":3,"column":23},"end":{"line":3,"column":51}},"3":{"start":{"line":10,"column":2},"end":{"line":22,"column":3}},"4":{"start":{"line":11,"column":19},"end":{"line":11,"column":40}},"5":{"start":{"line":12,"column":4},"end":{"line":12,"column":83}},"6":{"start":{"line":12,"column":27},"end":{"line":12,"column":83}},"7":{"start":{"line":14,"column":17},"end":{"line":14,"column":51}},"8":{"start":{"line":15,"column":18},"end":{"line":15,"column":53}},"9":{"start":{"line":16,"column":20},"end":{"line":16,"column":36}},"10":{"start":{"line":18,"column":19},"end":{"line":18,"column":75}},"11":{"start":{"line":19,"column":4},"end":{"line":19,"column":57}},"12":{"start":{"line":21,"column":4},"end":{"line":21,"column":21}},"13":{"start":{"line":31,"column":2},"end":{"line":51,"column":3}},"14":{"start":{"line":32,"column":19},"end":{"line":32,"column":40}},"15":{"start":{"line":33,"column":4},"end":{"line":33,"column":83}},"16":{"start":{"line":33,"column":27},"end":{"line":33,"column":83}},"17":{"start":{"line":35,"column":15},"end":{"line":35,"column":36}},"18":{"start":{"line":36,"column":4},"end":{"line":38,"column":5}},"19":{"start":{"line":37,"column":6},"end":{"line":37,"column":95}},"20":{"start":{"line":40,"column":19},"end":{"line":40,"column":35}},"21":{"start":{"line":41,"column":19},"end":{"line":41,"column":70}},"22":{"start":{"line":44,"column":4},"end":{"line":46,"column":5}},"23":{"start":{"line":45,"column":6},"end":{"line":45,"column":87}},"24":{"start":{"line":48,"column":4},"end":{"line":48,"column":45}},"25":{"start":{"line":50,"column":4},"end":{"line":50,"column":21}},"26":{"start":{"line":60,"column":2},"end":{"line":68,"column":3}},"27":{"start":{"line":61,"column":20},"end":{"line":61,"column":36}},"28":{"start":{"line":62,"column":19},"end":{"line":62,"column":86}},"29":{"start":{"line":64,"column":20},"end":{"line":64,"column":78}},"30":{"start":{"line":65,"column":4},"end":{"line":65,"column":60}},"31":{"start":{"line":67,"column":4},"end":{"line":67,"column":21}},"32":{"start":{"line":72,"column":0},"end":{"line":76,"column":2}},"33":{"start":{"line":79,"column":2},"end":{"line":85,"column":4}}},"fnMap":{"0":{"name":"createSecret","decl":{"start":{"line":9,"column":15},"end":{"line":9,"column":27}},"loc":{"start":{"line":9,"column":44},"end":{"line":23,"column":1}},"line":9},"1":{"name":"getSecret","decl":{"start":{"line":30,"column":15},"end":{"line":30,"column":24}},"loc":{"start":{"line":30,"column":41},"end":{"line":52,"column":1}},"line":30},"2":{"name":"listSecrets","decl":{"start":{"line":59,"column":15},"end":{"line":59,"column":26}},"loc":{"start":{"line":59,"column":43},"end":{"line":69,"column":1}},"line":59},"3":{"name":"serializeSecret","decl":{"start":{"line":78,"column":9},"end":{"line":78,"column":24}},"loc":{"start":{"line":78,"column":33},"end":{"line":86,"column":1}},"line":78}},"branchMap":{"0":{"loc":{"start":{"line":12,"column":4},"end":{"line":12,"column":83}},"type":"if","locations":[{"start":{"line":12,"column":4},"end":{"line":12,"column":83}},{"start":{},"end":{}}],"line":12},"1":{"loc":{"start":{"line":14,"column":24},"end":{"line":14,"column":43}},"type":"binary-expr","locations":[{"start":{"line":14,"column":24},"end":{"line":14,"column":37}},{"start":{"line":14,"column":41},"end":{"line":14,"column":43}}],"line":14},"2":{"loc":{"start":{"line":15,"column":25},"end":{"line":15,"column":45}},"type":"binary-expr","locations":[{"start":{"line":15,"column":25},"end":{"line":15,"column":39}},{"start":{"line":15,"column":43},"end":{"line":15,"column":45}}],"line":15},"3":{"loc":{"start":{"line":33,"column":4},"end":{"line":33,"column":83}},"type":"if","locations":[{"start":{"line":33,"column":4},"end":{"line":33,"column":83}},{"start":{},"end":{}}],"line":33},"4":{"loc":{"start":{"line":36,"column":4},"end":{"line":38,"column":5}},"type":"if","locations":[{"start":{"line":36,"column":4},"end":{"line":38,"column":5}},{"start":{},"end":{}}],"line":36},"5":{"loc":{"start":{"line":44,"column":4},"end":{"line":46,"column":5}},"type":"if","locations":[{"start":{"line":44,"column":4},"end":{"line":46,"column":5}},{"start":{},"end":{}}],"line":44},"6":{"loc":{"start":{"line":62,"column":19},"end":{"line":62,"column":86}},"type":"cond-expr","locations":[{"start":{"line":62,"column":58},"end":{"line":62,"column":81}},{"start":{"line":62,"column":84},"end":{"line":62,"column":86}}],"line":62}},"s":{"0":1,"1":1,"2":1,"3":0,"4":0,"5":0,"6":0,"7":0,"8":0,"9":0,"10":0,"11":0,"12":0,"13":0,"14":0,"15":0,"16":0,"17":0,"18":0,"19":0,"20":0,"21":0,"22":0,"23":0,"24":0,"25":0,"26":0,"27":0,"28":0,"29":0,"30":0,"31":0,"32":1,"33":0},"f":{"0":0,"1":0,"2":0,"3":0},"b":{"0":[0,0],"1":[0,0],"2":[0,0],"3":[0,0],"4":[0,0],"5":[0,0],"6":[0,0]},"_coverageSchema":"1a1c01bbd47fc00a2c39e90264f33305004495a9","hash":"871129273c3bf41728a580e49baf4c80a71f3491"}
,"/home/vascovalerio123/Projects/M10projeto/server/src/controllers/statsController.js": {"path":"/home/vascovalerio123/Projects/M10projeto/server/src/controllers/statsController.js","statementMap":{"0":{"start":{"line":7,"column":20},"end":{"line":7,"column":52}},"1":{"start":{"line":14,"column":2},"end":{"line":20,"column":3}},"2":{"start":{"line":15,"column":18},"end":{"line":15,"column":52}},"3":{"start":{"line":16,"column":4},"end":{"line":16,"column":20}},"4":{"start":{"line":19,"column":4},"end":{"line":19,"column":16}},"5":{"start":{"line":23,"column":0},"end":{"line":25,"column":2}}},"fnMap":{"0":{"name":"getSummary","decl":{"start":{"line":13,"column":15},"end":{"line":13,"column":25}},"loc":{"start":{"line":13,"column":42},"end":{"line":21,"column":1}},"line":13}},"branchMap":{},"s":{"0":1,"1":0,"2":0,"3":0,"4":0,"5":1},"f":{"0":0},"b":{},"_coverageSchema":"1a1c01bbd47fc00a2c39e90264f33305004495a9","hash":"31dc6e2958da1a7fc638dd4c55fdae932f73450a"}
,"/home/vascovalerio123/Projects/M10projeto/server/src/controllers/systemController.js": {"path":"/home/vascovalerio123/Projects/M10projeto/server/src/controllers/systemController.js","statementMap":{"0":{"start":{"line":1,"column":11},"end":{"line":1,"column":30}},"1":{"start":{"line":2,"column":21},"end":{"line":2,"column":52}},"2":{"start":{"line":3,"column":22},"end":{"line":3,"column":56}},"3":{"start":{"line":6,"column":2},"end":{"line":31,"column":3}},"4":{"start":{"line":7,"column":19},"end":{"line":7,"column":48}},"5":{"start":{"line":8,"column":4},"end":{"line":10,"column":5}},"6":{"start":{"line":9,"column":6},"end":{"line":9,"column":36}},"7":{"start":{"line":12,"column":16},"end":{"line":12,"column":51}},"8":{"start":{"line":13,"column":18},"end":{"line":13,"column":52}},"9":{"start":{"line":16,"column":17},"end":{"line":16,"column":19}},"10":{"start":{"line":17,"column":4},"end":{"line":23,"column":5}},"11":{"start":{"line":18,"column":6},"end":{"line":22,"column":7}},"12":{"start":{"line":19,"column":8},"end":{"line":19,"column":36}},"13":{"start":{"line":26,"column":4},"end":{"line":26,"column":92}},"14":{"start":{"line":26,"column":24},"end":{"line":26,"column":90}},"15":{"start":{"line":28,"column":4},"end":{"line":28,"column":30}},"16":{"start":{"line":30,"column":4},"end":{"line":30,"column":21}},"17":{"start":{"line":35,"column":2},"end":{"line":41,"column":3}},"18":{"start":{"line":36,"column":18},"end":{"line":36,"column":48}},"19":{"start":{"line":37,"column":17},"end":{"line":37,"column":61}},"20":{"start":{"line":38,"column":4},"end":{"line":38,"column":30}},"21":{"start":{"line":40,"column":4},"end":{"line":40,"column":21}},"22":{"start":{"line":44,"column":0},"end":{"line":44,"column":51}}},"fnMap":{"0":{"name":"getSecurityLogs","decl":{"start":{"line":5,"column":15},"end":{"line":5,"column":30}},"loc":{"start":{"line":5,"column":47},"end":{"line":32,"column":1}},"line":5},"1":{"name":"(anonymous_1)","decl":{"start":{"line":26,"column":14},"end":{"line":26,"column":15}},"loc":{"start":{"line":26,"column":24},"end":{"line":26,"column":90}},"line":26},"2":{"name":"getAuditLogs","decl":{"start":{"line":34,"column":15},"end":{"line":34,"column":27}},"loc":{"start":{"line":34,"column":44},"end":{"line":42,"column":1}},"line":34}},"branchMap":{"0":{"loc":{"start":{"line":8,"column":4},"end":{"line":10,"column":5}},"type":"if","locations":[{"start":{"line":8,"column":4},"end":{"line":10,"column":5}},{"start":{},"end":{}}],"line":8},"1":{"loc":{"start":{"line":26,"column":31},"end":{"line":26,"column":48}},"type":"binary-expr","locations":[{"start":{"line":26,"column":31},"end":{"line":26,"column":42}},{"start":{"line":26,"column":46},"end":{"line":26,"column":48}}],"line":26},"2":{"loc":{"start":{"line":26,"column":71},"end":{"line":26,"column":88}},"type":"binary-expr","locations":[{"start":{"line":26,"column":71},"end":{"line":26,"column":82}},{"start":{"line":26,"column":86},"end":{"line":26,"column":88}}],"line":26},"3":{"loc":{"start":{"line":36,"column":25},"end":{"line":36,"column":47}},"type":"binary-expr","locations":[{"start":{"line":36,"column":25},"end":{"line":36,"column":40}},{"start":{"line":36,"column":44},"end":{"line":36,"column":47}}],"line":36}},"s":{"0":1,"1":1,"2":1,"3":0,"4":0,"5":0,"6":0,"7":0,"8":0,"9":0,"10":0,"11":0,"12":0,"13":0,"14":0,"15":0,"16":0,"17":0,"18":0,"19":0,"20":0,"21":0,"22":1},"f":{"0":0,"1":0,"2":0},"b":{"0":[0,0],"1":[0,0],"2":[0,0],"3":[0,0]},"_coverageSchema":"1a1c01bbd47fc00a2c39e90264f33305004495a9","hash":"a8470379f5ff1dce6fdce3eaf427412a107d608d"}
,"/home/vascovalerio123/Projects/M10projeto/server/src/controllers/ticketController.js": {"path":"/home/vascovalerio123/Projects/M10projeto/server/src/controllers/ticketController.js","statementMap":{"0":{"start":{"line":8,"column":20},"end":{"line":8,"column":52}},"1":{"start":{"line":9,"column":29},"end":{"line":9,"column":57}},"2":{"start":{"line":16,"column":2},"end":{"line":39,"column":3}},"3":{"start":{"line":17,"column":19},"end":{"line":17,"column":40}},"4":{"start":{"line":18,"column":4},"end":{"line":20,"column":5}},"5":{"start":{"line":19,"column":6},"end":{"line":19,"column":62}},"6":{"start":{"line":22,"column":20},"end":{"line":32,"column":5}},"7":{"start":{"line":34,"column":19},"end":{"line":34,"column":59}},"8":{"start":{"line":35,"column":4},"end":{"line":35,"column":21}},"9":{"start":{"line":38,"column":4},"end":{"line":38,"column":16}},"10":{"start":{"line":47,"column":2},"end":{"line":70,"column":3}},"11":{"start":{"line":48,"column":21},"end":{"line":48,"column":34}},"12":{"start":{"line":50,"column":4},"end":{"line":55,"column":5}},"13":{"start":{"line":51,"column":6},"end":{"line":54,"column":9}},"14":{"start":{"line":57,"column":19},"end":{"line":57,"column":60}},"15":{"start":{"line":59,"column":4},"end":{"line":64,"column":5}},"16":{"start":{"line":60,"column":6},"end":{"line":63,"column":9}},"17":{"start":{"line":66,"column":4},"end":{"line":66,"column":21}},"18":{"start":{"line":69,"column":4},"end":{"line":69,"column":16}},"19":{"start":{"line":78,"column":2},"end":{"line":109,"column":3}},"20":{"start":{"line":79,"column":19},"end":{"line":79,"column":40}},"21":{"start":{"line":80,"column":4},"end":{"line":82,"column":5}},"22":{"start":{"line":81,"column":6},"end":{"line":81,"column":62}},"23":{"start":{"line":84,"column":71},"end":{"line":84,"column":79}},"24":{"start":{"line":87,"column":4},"end":{"line":92,"column":5}},"25":{"start":{"line":88,"column":6},"end":{"line":91,"column":9}},"26":{"start":{"line":94,"column":23},"end":{"line":101,"column":5}},"27":{"start":{"line":103,"column":26},"end":{"line":103,"column":68}},"28":{"start":{"line":105,"column":4},"end":{"line":105,"column":40}},"29":{"start":{"line":108,"column":4},"end":{"line":108,"column":16}},"30":{"start":{"line":117,"column":2},"end":{"line":169,"column":3}},"31":{"start":{"line":118,"column":21},"end":{"line":118,"column":34}},"32":{"start":{"line":120,"column":4},"end":{"line":125,"column":5}},"33":{"start":{"line":121,"column":6},"end":{"line":124,"column":9}},"34":{"start":{"line":127,"column":19},"end":{"line":127,"column":40}},"35":{"start":{"line":128,"column":4},"end":{"line":130,"column":5}},"36":{"start":{"line":129,"column":6},"end":{"line":129,"column":62}},"37":{"start":{"line":132,"column":23},"end":{"line":132,"column":25}},"38":{"start":{"line":133,"column":26},"end":{"line":133,"column":105}},"39":{"start":{"line":135,"column":4},"end":{"line":139,"column":5}},"40":{"start":{"line":136,"column":6},"end":{"line":138,"column":7}},"41":{"start":{"line":137,"column":8},"end":{"line":137,"column":44}},"42":{"start":{"line":141,"column":4},"end":{"line":146,"column":5}},"43":{"start":{"line":142,"column":6},"end":{"line":145,"column":9}},"44":{"start":{"line":149,"column":20},"end":{"line":149,"column":61}},"45":{"start":{"line":151,"column":2},"end":{"line":156,"column":3}},"46":{"start":{"line":152,"column":4},"end":{"line":155,"column":7}},"47":{"start":{"line":159,"column":24},"end":{"line":159,"column":76}},"48":{"start":{"line":162,"column":2},"end":{"line":165,"column":5}},"49":{"start":{"line":168,"column":4},"end":{"line":168,"column":16}},"50":{"start":{"line":181,"column":2},"end":{"line":208,"column":3}},"51":{"start":{"line":182,"column":21},"end":{"line":182,"column":34}},"52":{"start":{"line":184,"column":4},"end":{"line":189,"column":5}},"53":{"start":{"line":185,"column":6},"end":{"line":188,"column":9}},"54":{"start":{"line":192,"column":20},"end":{"line":192,"column":60}},"55":{"start":{"line":194,"column":4},"end":{"line":199,"column":5}},"56":{"start":{"line":195,"column":6},"end":{"line":198,"column":9}},"57":{"start":{"line":201,"column":4},"end":{"line":204,"column":7}},"58":{"start":{"line":207,"column":4},"end":{"line":207,"column":16}},"59":{"start":{"line":211,"column":0},"end":{"line":217,"column":2}}},"fnMap":{"0":{"name":"listTickets","decl":{"start":{"line":15,"column":15},"end":{"line":15,"column":26}},"loc":{"start":{"line":15,"column":43},"end":{"line":40,"column":1}},"line":15},"1":{"name":"getTicket","decl":{"start":{"line":46,"column":15},"end":{"line":46,"column":24}},"loc":{"start":{"line":46,"column":41},"end":{"line":71,"column":1}},"line":46},"2":{"name":"createTicket","decl":{"start":{"line":77,"column":15},"end":{"line":77,"column":27}},"loc":{"start":{"line":77,"column":44},"end":{"line":110,"column":1}},"line":77},"3":{"name":"updateTicket","decl":{"start":{"line":116,"column":15},"end":{"line":116,"column":27}},"loc":{"start":{"line":116,"column":44},"end":{"line":170,"column":1}},"line":116},"4":{"name":"deleteTicket","decl":{"start":{"line":180,"column":15},"end":{"line":180,"column":27}},"loc":{"start":{"line":180,"column":44},"end":{"line":209,"column":1}},"line":180}},"branchMap":{"0":{"loc":{"start":{"line":18,"column":4},"end":{"line":20,"column":5}},"type":"if","locations":[{"start":{"line":18,"column":4},"end":{"line":20,"column":5}},{"start":{},"end":{}}],"line":18},"1":{"loc":{"start":{"line":50,"column":4},"end":{"line":55,"column":5}},"type":"if","locations":[{"start":{"line":50,"column":4},"end":{"line":55,"column":5}},{"start":{},"end":{}}],"line":50},"2":{"loc":{"start":{"line":50,"column":8},"end":{"line":50,"column":43}},"type":"binary-expr","locations":[{"start":{"line":50,"column":8},"end":{"line":50,"column":17}},{"start":{"line":50,"column":21},"end":{"line":50,"column":43}}],"line":50},"3":{"loc":{"start":{"line":59,"column":4},"end":{"line":64,"column":5}},"type":"if","locations":[{"start":{"line":59,"column":4},"end":{"line":64,"column":5}},{"start":{},"end":{}}],"line":59},"4":{"loc":{"start":{"line":80,"column":4},"end":{"line":82,"column":5}},"type":"if","locations":[{"start":{"line":80,"column":4},"end":{"line":82,"column":5}},{"start":{},"end":{}}],"line":80},"5":{"loc":{"start":{"line":87,"column":4},"end":{"line":92,"column":5}},"type":"if","locations":[{"start":{"line":87,"column":4},"end":{"line":92,"column":5}},{"start":{},"end":{}}],"line":87},"6":{"loc":{"start":{"line":87,"column":8},"end":{"line":87,"column":37}},"type":"binary-expr","locations":[{"start":{"line":87,"column":8},"end":{"line":87,"column":14}},{"start":{"line":87,"column":18},"end":{"line":87,"column":37}}],"line":87},"7":{"loc":{"start":{"line":96,"column":19},"end":{"line":96,"column":58}},"type":"cond-expr","locations":[{"start":{"line":96,"column":33},"end":{"line":96,"column":51}},{"start":{"line":96,"column":54},"end":{"line":96,"column":58}}],"line":96},"8":{"loc":{"start":{"line":97,"column":16},"end":{"line":97,"column":31}},"type":"binary-expr","locations":[{"start":{"line":97,"column":16},"end":{"line":97,"column":24}},{"start":{"line":97,"column":28},"end":{"line":97,"column":31}}],"line":97},"9":{"loc":{"start":{"line":98,"column":16},"end":{"line":98,"column":38}},"type":"binary-expr","locations":[{"start":{"line":98,"column":16},"end":{"line":98,"column":24}},{"start":{"line":98,"column":28},"end":{"line":98,"column":38}}],"line":98},"10":{"loc":{"start":{"line":99,"column":14},"end":{"line":99,"column":28}},"type":"binary-expr","locations":[{"start":{"line":99,"column":14},"end":{"line":99,"column":20}},{"start":{"line":99,"column":24},"end":{"line":99,"column":28}}],"line":99},"11":{"loc":{"start":{"line":100,"column":15},"end":{"line":100,"column":30}},"type":"binary-expr","locations":[{"start":{"line":100,"column":15},"end":{"line":100,"column":22}},{"start":{"line":100,"column":26},"end":{"line":100,"column":30}}],"line":100},"12":{"loc":{"start":{"line":120,"column":4},"end":{"line":125,"column":5}},"type":"if","locations":[{"start":{"line":120,"column":4},"end":{"line":125,"column":5}},{"start":{},"end":{}}],"line":120},"13":{"loc":{"start":{"line":120,"column":8},"end":{"line":120,"column":43}},"type":"binary-expr","locations":[{"start":{"line":120,"column":8},"end":{"line":120,"column":17}},{"start":{"line":120,"column":21},"end":{"line":120,"column":43}}],"line":120},"14":{"loc":{"start":{"line":128,"column":4},"end":{"line":130,"column":5}},"type":"if","locations":[{"start":{"line":128,"column":4},"end":{"line":130,"column":5}},{"start":{},"end":{}}],"line":128},"15":{"loc":{"start":{"line":136,"column":6},"end":{"line":138,"column":7}},"type":"if","locations":[{"start":{"line":136,"column":6},"end":{"line":138,"column":7}},{"start":{},"end":{}}],"line":136},"16":{"loc":{"start":{"line":141,"column":4},"end":{"line":146,"column":5}},"type":"if","locations":[{"start":{"line":141,"column":4},"end":{"line":146,"column":5}},{"start":{},"end":{}}],"line":141},"17":{"loc":{"start":{"line":151,"column":2},"end":{"line":156,"column":3}},"type":"if","locations":[{"start":{"line":151,"column":2},"end":{"line":156,"column":3}},{"start":{},"end":{}}],"line":151},"18":{"loc":{"start":{"line":184,"column":4},"end":{"line":189,"column":5}},"type":"if","locations":[{"start":{"line":184,"column":4},"end":{"line":189,"column":5}},{"start":{},"end":{}}],"line":184},"19":{"loc":{"start":{"line":184,"column":8},"end":{"line":184,"column":43}},"type":"binary-expr","locations":[{"start":{"line":184,"column":8},"end":{"line":184,"column":17}},{"start":{"line":184,"column":21},"end":{"line":184,"column":43}}],"line":184},"20":{"loc":{"start":{"line":194,"column":4},"end":{"line":199,"column":5}},"type":"if","locations":[{"start":{"line":194,"column":4},"end":{"line":199,"column":5}},{"start":{},"end":{}}],"line":194}},"s":{"0":1,"1":1,"2":0,"3":0,"4":0,"5":0,"6":0,"7":0,"8":0,"9":0,"10":0,"11":0,"12":0,"13":0,"14":0,"15":0,"16":0,"17":0,"18":0,"19":0,"20":0,"21":0,"22":0,"23":0,"24":0,"25":0,"26":0,"27":0,"28":0,"29":0,"30":0,"31":0,"32":0,"33":0,"34":0,"35":0,"36":0,"37":0,"38":0,"39":0,"40":0,"41":0,"42":0,"43":0,"44":0,"45":0,"46":0,"47":0,"48":0,"49":0,"50":0,"51":0,"52":0,"53":0,"54":0,"55":0,"56":0,"57":0,"58":0,"59":1},"f":{"0":0,"1":0,"2":0,"3":0,"4":0},"b":{"0":[0,0],"1":[0,0],"2":[0,0],"3":[0,0],"4":[0,0],"5":[0,0],"6":[0,0],"7":[0,0],"8":[0,0],"9":[0,0],"10":[0,0],"11":[0,0],"12":[0,0],"13":[0,0],"14":[0,0],"15":[0,0],"16":[0,0],"17":[0,0],"18":[0,0],"19":[0,0],"20":[0,0]},"_coverageSchema":"1a1c01bbd47fc00a2c39e90264f33305004495a9","hash":"a0313ca1f3f1646ca387219275d18c23596ae421"}
,"/home/vascovalerio123/Projects/M10projeto/server/src/middleware/loginRateLimiter.js": {"path":"/home/vascovalerio123/Projects/M10projeto/server/src/middleware/loginRateLimiter.js","statementMap":{"0":{"start":{"line":10,"column":29},"end":{"line":10,"column":60}},"1":{"start":{"line":11,"column":22},"end":{"line":11,"column":56}},"2":{"start":{"line":13,"column":21},"end":{"line":13,"column":64}},"3":{"start":{"line":14,"column":18},"end":{"line":14,"column":78}},"4":{"start":{"line":15,"column":17},"end":{"line":15,"column":71}},"5":{"start":{"line":18,"column":2},"end":{"line":18,"column":54}},"6":{"start":{"line":22,"column":14},"end":{"line":22,"column":23}},"7":{"start":{"line":26,"column":14},"end":{"line":26,"column":44}},"8":{"start":{"line":27,"column":2},"end":{"line":29,"column":3}},"9":{"start":{"line":28,"column":4},"end":{"line":28,"column":36}},"10":{"start":{"line":30,"column":2},"end":{"line":30,"column":60}},"11":{"start":{"line":34,"column":2},"end":{"line":34,"column":71}},"12":{"start":{"line":34,"column":22},"end":{"line":34,"column":71}},"13":{"start":{"line":35,"column":2},"end":{"line":35,"column":23}},"14":{"start":{"line":39,"column":13},"end":{"line":39,"column":29}},"15":{"start":{"line":40,"column":16},"end":{"line":40,"column":29}},"16":{"start":{"line":41,"column":14},"end":{"line":41,"column":24}},"17":{"start":{"line":43,"column":2},"end":{"line":78,"column":3}},"18":{"start":{"line":44,"column":26},"end":{"line":44,"column":70}},"19":{"start":{"line":47,"column":20},"end":{"line":47,"column":50}},"20":{"start":{"line":48,"column":20},"end":{"line":48,"column":38}},"21":{"start":{"line":52,"column":4},"end":{"line":56,"column":5}},"22":{"start":{"line":53,"column":6},"end":{"line":53,"column":74}},"23":{"start":{"line":55,"column":6},"end":{"line":55,"column":34}},"24":{"start":{"line":59,"column":4},"end":{"line":59,"column":50}},"25":{"start":{"line":61,"column":4},"end":{"line":65,"column":7}},"26":{"start":{"line":66,"column":4},"end":{"line":70,"column":7}},"27":{"start":{"line":72,"column":4},"end":{"line":77,"column":7}},"28":{"start":{"line":80,"column":2},"end":{"line":80,"column":9}},"29":{"start":{"line":84,"column":13},"end":{"line":84,"column":29}},"30":{"start":{"line":85,"column":16},"end":{"line":85,"column":29}},"31":{"start":{"line":86,"column":14},"end":{"line":86,"column":24}},"32":{"start":{"line":89,"column":2},"end":{"line":89,"column":72}},"33":{"start":{"line":89,"column":49},"end":{"line":89,"column":70}},"34":{"start":{"line":90,"column":2},"end":{"line":90,"column":27}},"35":{"start":{"line":92,"column":2},"end":{"line":92,"column":93}},"36":{"start":{"line":93,"column":2},"end":{"line":98,"column":5}},"37":{"start":{"line":100,"column":2},"end":{"line":117,"column":3}},"38":{"start":{"line":101,"column":4},"end":{"line":101,"column":40}},"39":{"start":{"line":103,"column":4},"end":{"line":103,"column":24}},"40":{"start":{"line":105,"column":4},"end":{"line":109,"column":7}},"41":{"start":{"line":110,"column":4},"end":{"line":114,"column":7}},"42":{"start":{"line":116,"column":4},"end":{"line":116,"column":63}},"43":{"start":{"line":119,"column":2},"end":{"line":119,"column":90}},"44":{"start":{"line":123,"column":13},"end":{"line":123,"column":29}},"45":{"start":{"line":124,"column":2},"end":{"line":124,"column":19}},"46":{"start":{"line":125,"column":2},"end":{"line":125,"column":53}},"47":{"start":{"line":126,"column":2},"end":{"line":131,"column":5}},"48":{"start":{"line":134,"column":0},"end":{"line":140,"column":2}}},"fnMap":{"0":{"name":"writeAudit","decl":{"start":{"line":17,"column":9},"end":{"line":17,"column":19}},"loc":{"start":{"line":17,"column":27},"end":{"line":19,"column":1}},"line":17},"1":{"name":"(anonymous_1)","decl":{"start":{"line":18,"column":44},"end":{"line":18,"column":45}},"loc":{"start":{"line":18,"column":50},"end":{"line":18,"column":52}},"line":18},"2":{"name":"getClientIp","decl":{"start":{"line":24,"column":9},"end":{"line":24,"column":20}},"loc":{"start":{"line":24,"column":26},"end":{"line":31,"column":1}},"line":24},"3":{"name":"_getState","decl":{"start":{"line":33,"column":9},"end":{"line":33,"column":18}},"loc":{"start":{"line":33,"column":23},"end":{"line":36,"column":1}},"line":33},"4":{"name":"guard","decl":{"start":{"line":38,"column":9},"end":{"line":38,"column":14}},"loc":{"start":{"line":38,"column":31},"end":{"line":81,"column":1}},"line":38},"5":{"name":"recordFailure","decl":{"start":{"line":83,"column":9},"end":{"line":83,"column":22}},"loc":{"start":{"line":83,"column":39},"end":{"line":120,"column":1}},"line":83},"6":{"name":"(anonymous_6)","decl":{"start":{"line":89,"column":41},"end":{"line":89,"column":42}},"loc":{"start":{"line":89,"column":49},"end":{"line":89,"column":70}},"line":89},"7":{"name":"recordSuccess","decl":{"start":{"line":122,"column":9},"end":{"line":122,"column":22}},"loc":{"start":{"line":122,"column":39},"end":{"line":132,"column":1}},"line":122}},"branchMap":{"0":{"loc":{"start":{"line":13,"column":28},"end":{"line":13,"column":63}},"type":"binary-expr","locations":[{"start":{"line":13,"column":28},"end":{"line":13,"column":58}},{"start":{"line":13,"column":62},"end":{"line":13,"column":63}}],"line":13},"1":{"loc":{"start":{"line":14,"column":25},"end":{"line":14,"column":77}},"type":"binary-expr","locations":[{"start":{"line":14,"column":25},"end":{"line":14,"column":57}},{"start":{"line":14,"column":62},"end":{"line":14,"column":76}}],"line":14},"2":{"loc":{"start":{"line":15,"column":24},"end":{"line":15,"column":70}},"type":"binary-expr","locations":[{"start":{"line":15,"column":24},"end":{"line":15,"column":50}},{"start":{"line":15,"column":55},"end":{"line":15,"column":69}}],"line":15},"3":{"loc":{"start":{"line":27,"column":2},"end":{"line":29,"column":3}},"type":"if","locations":[{"start":{"line":27,"column":2},"end":{"line":29,"column":3}},{"start":{},"end":{}}],"line":27},"4":{"loc":{"start":{"line":27,"column":6},"end":{"line":27,"column":43}},"type":"binary-expr","locations":[{"start":{"line":27,"column":6},"end":{"line":27,"column":29}},{"start":{"line":27,"column":33},"end":{"line":27,"column":43}}],"line":27},"5":{"loc":{"start":{"line":30,"column":9},"end":{"line":30,"column":59}},"type":"binary-expr","locations":[{"start":{"line":30,"column":9},"end":{"line":30,"column":46}},{"start":{"line":30,"column":50},"end":{"line":30,"column":59}}],"line":30},"6":{"loc":{"start":{"line":30,"column":10},"end":{"line":30,"column":22}},"type":"binary-expr","locations":[{"start":{"line":30,"column":10},"end":{"line":30,"column":16}},{"start":{"line":30,"column":20},"end":{"line":30,"column":22}}],"line":30},"7":{"loc":{"start":{"line":34,"column":2},"end":{"line":34,"column":71}},"type":"if","locations":[{"start":{"line":34,"column":2},"end":{"line":34,"column":71}},{"start":{},"end":{}}],"line":34},"8":{"loc":{"start":{"line":43,"column":2},"end":{"line":78,"column":3}},"type":"if","locations":[{"start":{"line":43,"column":2},"end":{"line":78,"column":3}},{"start":{},"end":{}}],"line":43},"9":{"loc":{"start":{"line":43,"column":6},"end":{"line":43,"column":52}},"type":"binary-expr","locations":[{"start":{"line":43,"column":6},"end":{"line":43,"column":24}},{"start":{"line":43,"column":28},"end":{"line":43,"column":52}}],"line":43},"10":{"loc":{"start":{"line":52,"column":4},"end":{"line":56,"column":5}},"type":"if","locations":[{"start":{"line":52,"column":4},"end":{"line":56,"column":5}},{"start":{"line":54,"column":11},"end":{"line":56,"column":5}}],"line":52},"11":{"loc":{"start":{"line":83,"column":28},"end":{"line":83,"column":37}},"type":"default-arg","locations":[{"start":{"line":83,"column":35},"end":{"line":83,"column":37}}],"line":83},"12":{"loc":{"start":{"line":94,"column":12},"end":{"line":94,"column":31}},"type":"binary-expr","locations":[{"start":{"line":94,"column":12},"end":{"line":94,"column":23}},{"start":{"line":94,"column":27},"end":{"line":94,"column":31}}],"line":94},"13":{"loc":{"start":{"line":100,"column":2},"end":{"line":117,"column":3}},"type":"if","locations":[{"start":{"line":100,"column":2},"end":{"line":117,"column":3}},{"start":{},"end":{}}],"line":100},"14":{"loc":{"start":{"line":122,"column":28},"end":{"line":122,"column":37}},"type":"default-arg","locations":[{"start":{"line":122,"column":35},"end":{"line":122,"column":37}}],"line":122},"15":{"loc":{"start":{"line":127,"column":12},"end":{"line":127,"column":31}},"type":"binary-expr","locations":[{"start":{"line":127,"column":12},"end":{"line":127,"column":23}},{"start":{"line":127,"column":27},"end":{"line":127,"column":31}}],"line":127}},"s":{"0":1,"1":1,"2":1,"3":1,"4":1,"5":0,"6":1,"7":0,"8":0,"9":0,"10":0,"11":0,"12":0,"13":0,"14":0,"15":0,"16":0,"17":0,"18":0,"19":0,"20":0,"21":0,"22":0,"23":0,"24":0,"25":0,"26":0,"27":0,"28":0,"29":0,"30":0,"31":0,"32":0,"33":0,"34":0,"35":0,"36":0,"37":0,"38":0,"39":0,"40":0,"41":0,"42":0,"43":0,"44":0,"45":0,"46":0,"47":0,"48":1},"f":{"0":0,"1":0,"2":0,"3":0,"4":0,"5":0,"6":0,"7":0},"b":{"0":[1,1],"1":[1,1],"2":[1,1],"3":[0,0],"4":[0,0],"5":[0,0],"6":[0,0],"7":[0,0],"8":[0,0],"9":[0,0],"10":[0,0],"11":[0],"12":[0,0],"13":[0,0],"14":[0],"15":[0,0]},"_coverageSchema":"1a1c01bbd47fc00a2c39e90264f33305004495a9","hash":"0fb2a67f7d6b4390fdf07df8ba90d1dae841f544"}
,"/home/vascovalerio123/Projects/M10projeto/server/src/middleware/requireAuth.js": {"path":"/home/vascovalerio123/Projects/M10projeto/server/src/middleware/requireAuth.js","statementMap":{"0":{"start":{"line":7,"column":18},"end":{"line":7,"column":48}},"1":{"start":{"line":8,"column":12},"end":{"line":8,"column":35}},"2":{"start":{"line":11,"column":2},"end":{"line":49,"column":3}},"3":{"start":{"line":12,"column":17},"end":{"line":12,"column":48}},"4":{"start":{"line":13,"column":18},"end":{"line":13,"column":48}},"5":{"start":{"line":14,"column":4},"end":{"line":16,"column":5}},"6":{"start":{"line":15,"column":6},"end":{"line":15,"column":94}},"7":{"start":{"line":18,"column":18},"end":{"line":18,"column":33}},"8":{"start":{"line":19,"column":4},"end":{"line":21,"column":5}},"9":{"start":{"line":20,"column":6},"end":{"line":20,"column":94}},"10":{"start":{"line":24,"column":4},"end":{"line":28,"column":5}},"11":{"start":{"line":25,"column":6},"end":{"line":25,"column":34}},"12":{"start":{"line":27,"column":6},"end":{"line":27,"column":98}},"13":{"start":{"line":30,"column":19},"end":{"line":30,"column":38}},"14":{"start":{"line":31,"column":17},"end":{"line":31,"column":52}},"15":{"start":{"line":32,"column":4},"end":{"line":34,"column":5}},"16":{"start":{"line":33,"column":6},"end":{"line":33,"column":87}},"17":{"start":{"line":36,"column":25},"end":{"line":36,"column":58}},"18":{"start":{"line":37,"column":4},"end":{"line":39,"column":5}},"19":{"start":{"line":38,"column":6},"end":{"line":38,"column":87}},"20":{"start":{"line":41,"column":4},"end":{"line":44,"column":6}},"21":{"start":{"line":46,"column":4},"end":{"line":46,"column":18}},"22":{"start":{"line":48,"column":4},"end":{"line":48,"column":21}},"23":{"start":{"line":52,"column":0},"end":{"line":52,"column":33}}},"fnMap":{"0":{"name":"requireAuth","decl":{"start":{"line":10,"column":15},"end":{"line":10,"column":26}},"loc":{"start":{"line":10,"column":43},"end":{"line":50,"column":1}},"line":10}},"branchMap":{"0":{"loc":{"start":{"line":12,"column":17},"end":{"line":12,"column":48}},"type":"binary-expr","locations":[{"start":{"line":12,"column":17},"end":{"line":12,"column":42}},{"start":{"line":12,"column":46},"end":{"line":12,"column":48}}],"line":12},"1":{"loc":{"start":{"line":14,"column":4},"end":{"line":16,"column":5}},"type":"if","locations":[{"start":{"line":14,"column":4},"end":{"line":16,"column":5}},{"start":{},"end":{}}],"line":14},"2":{"loc":{"start":{"line":19,"column":4},"end":{"line":21,"column":5}},"type":"if","locations":[{"start":{"line":19,"column":4},"end":{"line":21,"column":5}},{"start":{},"end":{}}],"line":19},"3":{"loc":{"start":{"line":32,"column":4},"end":{"line":34,"column":5}},"type":"if","locations":[{"start":{"line":32,"column":4},"end":{"line":34,"column":5}},{"start":{},"end":{}}],"line":32},"4":{"loc":{"start":{"line":36,"column":32},"end":{"line":36,"column":57}},"type":"binary-expr","locations":[{"start":{"line":36,"column":32},"end":{"line":36,"column":52}},{"start":{"line":36,"column":56},"end":{"line":36,"column":57}}],"line":36},"5":{"loc":{"start":{"line":37,"column":4},"end":{"line":39,"column":5}},"type":"if","locations":[{"start":{"line":37,"column":4},"end":{"line":39,"column":5}},{"start":{},"end":{}}],"line":37},"6":{"loc":{"start":{"line":37,"column":32},"end":{"line":37,"column":55}},"type":"binary-expr","locations":[{"start":{"line":37,"column":32},"end":{"line":37,"column":50}},{"start":{"line":37,"column":54},"end":{"line":37,"column":55}}],"line":37}},"s":{"0":1,"1":1,"2":0,"3":0,"4":0,"5":0,"6":0,"7":0,"8":0,"9":0,"10":0,"11":0,"12":0,"13":0,"14":0,"15":0,"16":0,"17":0,"18":0,"19":0,"20":0,"21":0,"22":0,"23":1},"f":{"0":0},"b":{"0":[0,0],"1":[0,0],"2":[0,0],"3":[0,0],"4":[0,0],"5":[0,0],"6":[0,0]},"_coverageSchema":"1a1c01bbd47fc00a2c39e90264f33305004495a9","hash":"361fc0405e482383bad843b51c311927947611d5"}
,"/home/vascovalerio123/Projects/M10projeto/server/src/middleware/requireRole.js": {"path":"/home/vascovalerio123/Projects/M10projeto/server/src/middleware/requireRole.js","statementMap":{"0":{"start":{"line":10,"column":2},"end":{"line":21,"column":4}},"1":{"start":{"line":11,"column":17},"end":{"line":11,"column":42}},"2":{"start":{"line":12,"column":4},"end":{"line":14,"column":5}},"3":{"start":{"line":13,"column":6},"end":{"line":13,"column":104}},"4":{"start":{"line":16,"column":4},"end":{"line":18,"column":5}},"5":{"start":{"line":17,"column":6},"end":{"line":17,"column":93}},"6":{"start":{"line":20,"column":4},"end":{"line":20,"column":18}},"7":{"start":{"line":24,"column":0},"end":{"line":24,"column":33}}},"fnMap":{"0":{"name":"requireRole","decl":{"start":{"line":9,"column":9},"end":{"line":9,"column":20}},"loc":{"start":{"line":9,"column":27},"end":{"line":22,"column":1}},"line":9},"1":{"name":"requireRoleMiddleware","decl":{"start":{"line":10,"column":18},"end":{"line":10,"column":39}},"loc":{"start":{"line":10,"column":56},"end":{"line":21,"column":3}},"line":10}},"branchMap":{"0":{"loc":{"start":{"line":11,"column":17},"end":{"line":11,"column":42}},"type":"binary-expr","locations":[{"start":{"line":11,"column":17},"end":{"line":11,"column":25}},{"start":{"line":11,"column":29},"end":{"line":11,"column":42}}],"line":11},"1":{"loc":{"start":{"line":12,"column":4},"end":{"line":14,"column":5}},"type":"if","locations":[{"start":{"line":12,"column":4},"end":{"line":14,"column":5}},{"start":{},"end":{}}],"line":12},"2":{"loc":{"start":{"line":16,"column":4},"end":{"line":18,"column":5}},"type":"if","locations":[{"start":{"line":16,"column":4},"end":{"line":18,"column":5}},{"start":{},"end":{}}],"line":16}},"s":{"0":1,"1":0,"2":0,"3":0,"4":0,"5":0,"6":0,"7":1},"f":{"0":1,"1":0},"b":{"0":[0,0],"1":[0,0],"2":[0,0]},"_coverageSchema":"1a1c01bbd47fc00a2c39e90264f33305004495a9","hash":"5af3a4902b2a3ac53b1739655564b32289b0cd9b"}
,"/home/vascovalerio123/Projects/M10projeto/server/src/models/auditLogModel.js": {"path":"/home/vascovalerio123/Projects/M10projeto/server/src/models/auditLogModel.js","statementMap":{"0":{"start":{"line":1,"column":24},"end":{"line":1,"column":53}},"1":{"start":{"line":2,"column":28},"end":{"line":2,"column":60}},"2":{"start":{"line":5,"column":2},"end":{"line":7,"column":3}},"3":{"start":{"line":6,"column":4},"end":{"line":6,"column":48}},"4":{"start":{"line":9,"column":13},"end":{"line":9,"column":26}},"5":{"start":{"line":10,"column":21},"end":{"line":10,"column":59}},"6":{"start":{"line":11,"column":27},"end":{"line":11,"column":57}},"7":{"start":{"line":13,"column":2},"end":{"line":16,"column":4}},"8":{"start":{"line":20,"column":13},"end":{"line":20,"column":26}},"9":{"start":{"line":21,"column":20},"end":{"line":21,"column":68}},"10":{"start":{"line":22,"column":15},"end":{"line":28,"column":3}},"11":{"start":{"line":30,"column":2},"end":{"line":46,"column":5}},"12":{"start":{"line":31,"column":24},"end":{"line":31,"column":35}},"13":{"start":{"line":32,"column":4},"end":{"line":36,"column":5}},"14":{"start":{"line":33,"column":6},"end":{"line":33,"column":54}},"15":{"start":{"line":35,"column":6},"end":{"line":35,"column":43}},"16":{"start":{"line":38,"column":4},"end":{"line":45,"column":6}},"17":{"start":{"line":49,"column":0},"end":{"line":52,"column":2}}},"fnMap":{"0":{"name":"createAuditLog","decl":{"start":{"line":4,"column":15},"end":{"line":4,"column":29}},"loc":{"start":{"line":4,"column":79},"end":{"line":17,"column":1}},"line":4},"1":{"name":"listAuditLogs","decl":{"start":{"line":19,"column":15},"end":{"line":19,"column":28}},"loc":{"start":{"line":19,"column":51},"end":{"line":47,"column":1}},"line":19},"2":{"name":"(anonymous_2)","decl":{"start":{"line":30,"column":18},"end":{"line":30,"column":19}},"loc":{"start":{"line":30,"column":25},"end":{"line":46,"column":3}},"line":30}},"branchMap":{"0":{"loc":{"start":{"line":4,"column":32},"end":{"line":4,"column":45}},"type":"default-arg","locations":[{"start":{"line":4,"column":41},"end":{"line":4,"column":45}}],"line":4},"1":{"loc":{"start":{"line":4,"column":63},"end":{"line":4,"column":75}},"type":"default-arg","locations":[{"start":{"line":4,"column":73},"end":{"line":4,"column":75}}],"line":4},"2":{"loc":{"start":{"line":5,"column":2},"end":{"line":7,"column":3}},"type":"if","locations":[{"start":{"line":5,"column":2},"end":{"line":7,"column":3}},{"start":{},"end":{}}],"line":5},"3":{"loc":{"start":{"line":5,"column":6},"end":{"line":5,"column":43}},"type":"binary-expr","locations":[{"start":{"line":5,"column":6},"end":{"line":5,"column":13}},{"start":{"line":5,"column":17},"end":{"line":5,"column":43}}],"line":5},"4":{"loc":{"start":{"line":10,"column":21},"end":{"line":10,"column":59}},"type":"cond-expr","locations":[{"start":{"line":10,"column":41},"end":{"line":10,"column":47}},{"start":{"line":10,"column":50},"end":{"line":10,"column":59}}],"line":10},"5":{"loc":{"start":{"line":11,"column":43},"end":{"line":11,"column":56}},"type":"binary-expr","locations":[{"start":{"line":11,"column":43},"end":{"line":11,"column":50}},{"start":{"line":11,"column":54},"end":{"line":11,"column":56}}],"line":11},"6":{"loc":{"start":{"line":19,"column":29},"end":{"line":19,"column":49}},"type":"default-arg","locations":[{"start":{"line":19,"column":47},"end":{"line":19,"column":49}}],"line":19},"7":{"loc":{"start":{"line":19,"column":31},"end":{"line":19,"column":42}},"type":"default-arg","locations":[{"start":{"line":19,"column":39},"end":{"line":19,"column":42}}],"line":19},"8":{"loc":{"start":{"line":21,"column":38},"end":{"line":21,"column":58}},"type":"binary-expr","locations":[{"start":{"line":21,"column":38},"end":{"line":21,"column":51}},{"start":{"line":21,"column":55},"end":{"line":21,"column":58}}],"line":21},"9":{"loc":{"start":{"line":33,"column":33},"end":{"line":33,"column":52}},"type":"binary-expr","locations":[{"start":{"line":33,"column":33},"end":{"line":33,"column":44}},{"start":{"line":33,"column":48},"end":{"line":33,"column":52}}],"line":33}},"s":{"0":1,"1":1,"2":0,"3":0,"4":0,"5":0,"6":0,"7":0,"8":0,"9":0,"10":0,"11":0,"12":0,"13":0,"14":0,"15":0,"16":0,"17":1},"f":{"0":0,"1":0,"2":0},"b":{"0":[0],"1":[0],"2":[0,0],"3":[0,0],"4":[0,0],"5":[0,0],"6":[0],"7":[0],"8":[0,0],"9":[0,0]},"_coverageSchema":"1a1c01bbd47fc00a2c39e90264f33305004495a9","hash":"9c3fbb7059266b8b70dc5eb1ee8e8087c410613b"}
,"/home/vascovalerio123/Projects/M10projeto/server/src/models/secretModel.js": {"path":"/home/vascovalerio123/Projects/M10projeto/server/src/models/secretModel.js","statementMap":{"0":{"start":{"line":5,"column":24},"end":{"line":5,"column":53}},"1":{"start":{"line":6,"column":51},"end":{"line":6,"column":84}},"2":{"start":{"line":9,"column":13},"end":{"line":9,"column":26}},"3":{"start":{"line":10,"column":25},"end":{"line":10,"column":50}},"4":{"start":{"line":12,"column":17},"end":{"line":15,"column":3}},"5":{"start":{"line":17,"column":2},"end":{"line":17,"column":38}},"6":{"start":{"line":21,"column":13},"end":{"line":21,"column":26}},"7":{"start":{"line":22,"column":14},"end":{"line":25,"column":3}},"8":{"start":{"line":27,"column":2},"end":{"line":27,"column":31}},"9":{"start":{"line":31,"column":13},"end":{"line":31,"column":26}},"10":{"start":{"line":32,"column":14},"end":{"line":37,"column":3}},"11":{"start":{"line":39,"column":2},"end":{"line":39,"column":31}},"12":{"start":{"line":44,"column":13},"end":{"line":44,"column":26}},"13":{"start":{"line":46,"column":18},"end":{"line":50,"column":3}},"14":{"start":{"line":52,"column":15},"end":{"line":52,"column":77}},"15":{"start":{"line":53,"column":27},"end":{"line":53,"column":53}},"16":{"start":{"line":55,"column":2},"end":{"line":57,"column":3}},"17":{"start":{"line":56,"column":4},"end":{"line":56,"column":28}},"18":{"start":{"line":59,"column":17},"end":{"line":59,"column":45}},"19":{"start":{"line":60,"column":2},"end":{"line":63,"column":4}},"20":{"start":{"line":61,"column":4},"end":{"line":62,"column":55}},"21":{"start":{"line":81,"column":0},"end":{"line":86,"column":2}},"22":{"start":{"line":89,"column":2},"end":{"line":89,"column":30}},"23":{"start":{"line":89,"column":18},"end":{"line":89,"column":30}},"24":{"start":{"line":90,"column":2},"end":{"line":93,"column":4}}},"fnMap":{"0":{"name":"createSecret","decl":{"start":{"line":8,"column":15},"end":{"line":8,"column":27}},"loc":{"start":{"line":8,"column":54},"end":{"line":18,"column":1}},"line":8},"1":{"name":"getSecretById","decl":{"start":{"line":20,"column":15},"end":{"line":20,"column":28}},"loc":{"start":{"line":20,"column":33},"end":{"line":28,"column":1}},"line":20},"2":{"name":"getSecretByIdForOwner","decl":{"start":{"line":30,"column":15},"end":{"line":30,"column":36}},"loc":{"start":{"line":30,"column":50},"end":{"line":40,"column":1}},"line":30},"3":{"name":"listSecretsForOwner","decl":{"start":{"line":43,"column":15},"end":{"line":43,"column":34}},"loc":{"start":{"line":43,"column":56},"end":{"line":64,"column":1}},"line":43},"4":{"name":"(anonymous_4)","decl":{"start":{"line":60,"column":33},"end":{"line":60,"column":34}},"loc":{"start":{"line":61,"column":4},"end":{"line":62,"column":55}},"line":61},"5":{"name":"decryptSecretRow","decl":{"start":{"line":88,"column":9},"end":{"line":88,"column":25}},"loc":{"start":{"line":88,"column":37},"end":{"line":94,"column":1}},"line":88}},"branchMap":{"0":{"loc":{"start":{"line":55,"column":2},"end":{"line":57,"column":3}},"type":"if","locations":[{"start":{"line":55,"column":2},"end":{"line":57,"column":3}},{"start":{},"end":{}}],"line":55},"1":{"loc":{"start":{"line":61,"column":4},"end":{"line":62,"column":55}},"type":"binary-expr","locations":[{"start":{"line":61,"column":4},"end":{"line":61,"column":54}},{"start":{"line":62,"column":4},"end":{"line":62,"column":55}}],"line":61},"2":{"loc":{"start":{"line":89,"column":2},"end":{"line":89,"column":30}},"type":"if","locations":[{"start":{"line":89,"column":2},"end":{"line":89,"column":30}},{"start":{},"end":{}}],"line":89}},"s":{"0":1,"1":1,"2":0,"3":0,"4":0,"5":0,"6":0,"7":0,"8":0,"9":0,"10":0,"11":0,"12":0,"13":0,"14":0,"15":0,"16":0,"17":0,"18":0,"19":0,"20":0,"21":1,"22":0,"23":0,"24":0},"f":{"0":0,"1":0,"2":0,"3":0,"4":0,"5":0},"b":{"0":[0,0],"1":[0,0],"2":[0,0]},"_coverageSchema":"1a1c01bbd47fc00a2c39e90264f33305004495a9","hash":"c35f8a94b9310f62f0d6cff420323f162137456d"}
[...]
umn":34}},"23":{"start":{"line":39,"column":28},"end":{"line":39,"column":63}},"24":{"start":{"line":41,"column":2},"end":{"line":49,"column":3}},"25":{"start":{"line":42,"column":4},"end":{"line":47,"column":5}},"26":{"start":{"line":43,"column":6},"end":{"line":43,"column":79}},"27":{"start":{"line":43,"column":50},"end":{"line":43,"column":79}},"28":{"start":{"line":44,"column":6},"end":{"line":44,"column":71}},"29":{"start":{"line":44,"column":47},"end":{"line":44,"column":71}},"30":{"start":{"line":45,"column":6},"end":{"line":45,"column":110}},"31":{"start":{"line":45,"column":83},"end":{"line":45,"column":110}},"32":{"start":{"line":46,"column":6},"end":{"line":46,"column":30}},"33":{"start":{"line":48,"column":4},"end":{"line":48,"column":33}},"34":{"start":{"line":51,"column":2},"end":{"line":51,"column":76}},"35":{"start":{"line":51,"column":63},"end":{"line":51,"column":76}},"36":{"start":{"line":53,"column":2},"end":{"line":55,"column":3}},"37":{"start":{"line":54,"column":4},"end":{"line":54,"column":61}},"38":{"start":{"line":54,"column":29},"end":{"line":54,"column":59}},"39":{"start":{"line":57,"column":2},"end":{"line":74,"column":3}},"40":{"start":{"line":58,"column":19},"end":{"line":58,"column":21}},"41":{"start":{"line":59,"column":4},"end":{"line":72,"column":5}},"42":{"start":{"line":60,"column":20},"end":{"line":60,"column":37}},"43":{"start":{"line":61,"column":6},"end":{"line":71,"column":7}},"44":{"start":{"line":62,"column":8},"end":{"line":62,"column":44}},"45":{"start":{"line":63,"column":13},"end":{"line":71,"column":7}},"46":{"start":{"line":64,"column":8},"end":{"line":64,"column":42}},"47":{"start":{"line":65,"column":13},"end":{"line":71,"column":7}},"48":{"start":{"line":66,"column":8},"end":{"line":66,"column":39}},"49":{"start":{"line":67,"column":13},"end":{"line":71,"column":7}},"50":{"start":{"line":68,"column":8},"end":{"line":68,"column":39}},"51":{"start":{"line":70,"column":8},"end":{"line":70,"column":52}},"52":{"start":{"line":73,"column":4},"end":{"line":73,"column":18}},"53":{"start":{"line":76,"column":2},"end":{"line":76,"column":23}},"54":{"start":{"line":79,"column":0},"end":{"line":81,"column":2}}},"fnMap":{"0":{"name":"maskEmail","decl":{"start":{"line":12,"column":9},"end":{"line":12,"column":18}},"loc":{"start":{"line":12,"column":26},"end":{"line":20,"column":1}},"line":12},"1":{"name":"maskToken","decl":{"start":{"line":22,"column":9},"end":{"line":22,"column":18}},"loc":{"start":{"line":22,"column":26},"end":{"line":27,"column":1}},"line":22},"2":{"name":"sanitizeString","decl":{"start":{"line":29,"column":9},"end":{"line":29,"column":23}},"loc":{"start":{"line":29,"column":31},"end":{"line":35,"column":1}},"line":29},"3":{"name":"(anonymous_3)","decl":{"start":{"line":31,"column":83},"end":{"line":31,"column":84}},"loc":{"start":{"line":31,"column":94},"end":{"line":31,"column":110}},"line":31},"4":{"name":"sanitizeForLogs","decl":{"start":{"line":37,"column":9},"end":{"line":37,"column":24}},"loc":{"start":{"line":37,"column":46},"end":{"line":77,"column":1}},"line":37},"5":{"name":"(anonymous_5)","decl":{"start":{"line":54,"column":21},"end":{"line":54,"column":22}},"loc":{"start":{"line":54,"column":29},"end":{"line":54,"column":59}},"line":54}},"branchMap":{"0":{"loc":{"start":{"line":15,"column":2},"end":{"line":15,"column":52}},"type":"if","locations":[{"start":{"line":15,"column":2},"end":{"line":15,"column":52}},{"start":{},"end":{}}],"line":15},"1":{"loc":{"start":{"line":18,"column":20},"end":{"line":18,"column":89}},"type":"cond-expr","locations":[{"start":{"line":18,"column":40},"end":{"line":18,"column":61}},{"start":{"line":18,"column":64},"end":{"line":18,"column":89}}],"line":18},"2":{"loc":{"start":{"line":18,"column":43},"end":{"line":18,"column":58}},"type":"binary-expr","locations":[{"start":{"line":18,"column":43},"end":{"line":18,"column":51}},{"start":{"line":18,"column":55},"end":{"line":18,"column":58}}],"line":18},"3":{"loc":{"start":{"line":23,"column":21},"end":{"line":23,"column":32}},"type":"binary-expr","locations":[{"start":{"line":23,"column":21},"end":{"line":23,"column":26}},{"start":{"line":23,"column":30},"end":{"line":23,"column":32}}],"line":23},"4":{"loc":{"start":{"line":24,"column":2},"end":{"line":24,"column":38}},"type":"if","locations":[{"start":{"line":24,"column":2},"end":{"line":24,"column":38}},{"start":{},"end":{}}],"line":24},"5":{"loc":{"start":{"line":25,"column":2},"end":{"line":25,"column":50}},"type":"if","locations":[{"start":{"line":25,"column":2},"end":{"line":25,"column":50}},{"start":{},"end":{}}],"line":25},"6":{"loc":{"start":{"line":37,"column":32},"end":{"line":37,"column":44}},"type":"default-arg","locations":[{"start":{"line":37,"column":42},"end":{"line":37,"column":44}}],"line":37},"7":{"loc":{"start":{"line":38,"column":2},"end":{"line":38,"column":34}},"type":"if","locations":[{"start":{"line":38,"column":2},"end":{"line":38,"column":34}},{"start":{},"end":{}}],"line":38},"8":{"loc":{"start":{"line":39,"column":35},"end":{"line":39,"column":48}},"type":"binary-expr","locations":[{"start":{"line":39,"column":35},"end":{"line":39,"column":42}},{"start":{"line":39,"column":46},"end":{"line":39,"column":48}}],"line":39},"9":{"loc":{"start":{"line":41,"column":2},"end":{"line":49,"column":3}},"type":"if","locations":[{"start":{"line":41,"column":2},"end":{"line":49,"column":3}},{"start":{},"end":{}}],"line":41},"10":{"loc":{"start":{"line":42,"column":4},"end":{"line":47,"column":5}},"type":"if","locations":[{"start":{"line":42,"column":4},"end":{"line":47,"column":5}},{"start":{},"end":{}}],"line":42},"11":{"loc":{"start":{"line":43,"column":6},"end":{"line":43,"column":79}},"type":"if","locations":[{"start":{"line":43,"column":6},"end":{"line":43,"column":79}},{"start":{},"end":{}}],"line":43},"12":{"loc":{"start":{"line":44,"column":6},"end":{"line":44,"column":71}},"type":"if","locations":[{"start":{"line":44,"column":6},"end":{"line":44,"column":71}},{"start":{},"end":{}}],"line":44},"13":{"loc":{"start":{"line":45,"column":6},"end":{"line":45,"column":110}},"type":"if","locations":[{"start":{"line":45,"column":6},"end":{"line":45,"column":110}},{"start":{},"end":{}}],"line":45},"14":{"loc":{"start":{"line":45,"column":10},"end":{"line":45,"column":81}},"type":"binary-expr","locations":[{"start":{"line":45,"column":10},"end":{"line":45,"column":47}},{"start":{"line":45,"column":51},"end":{"line":45,"column":81}}],"line":45},"15":{"loc":{"start":{"line":51,"column":2},"end":{"line":51,"column":76}},"type":"if","locations":[{"start":{"line":51,"column":2},"end":{"line":51,"column":76}},{"start":{},"end":{}}],"line":51},"16":{"loc":{"start":{"line":51,"column":6},"end":{"line":51,"column":61}},"type":"binary-expr","locations":[{"start":{"line":51,"column":6},"end":{"line":51,"column":31}},{"start":{"line":51,"column":35},"end":{"line":51,"column":61}}],"line":51},"17":{"loc":{"start":{"line":53,"column":2},"end":{"line":55,"column":3}},"type":"if","locations":[{"start":{"line":53,"column":2},"end":{"line":55,"column":3}},{"start":{},"end":{}}],"line":53},"18":{"loc":{"start":{"line":57,"column":2},"end":{"line":74,"column":3}},"type":"if","locations":[{"start":{"line":57,"column":2},"end":{"line":74,"column":3}},{"start":{},"end":{}}],"line":57},"19":{"loc":{"start":{"line":61,"column":6},"end":{"line":71,"column":7}},"type":"if","locations":[{"start":{"line":61,"column":6},"end":{"line":71,"column":7}},{"start":{"line":63,"column":13},"end":{"line":71,"column":7}}],"line":61},"20":{"loc":{"start":{"line":63,"column":13},"end":{"line":71,"column":7}},"type":"if","locations":[{"start":{"line":63,"column":13},"end":{"line":71,"column":7}},{"start":{"line":65,"column":13},"end":{"line":71,"column":7}}],"line":63},"21":{"loc":{"start":{"line":63,"column":17},"end":{"line":63,"column":64}},"type":"binary-expr","locations":[{"start":{"line":63,"column":17},"end":{"line":63,"column":42}},{"start":{"line":63,"column":46},"end":{"line":63,"column":64}}],"line":63},"22":{"loc":{"start":{"line":65,"column":13},"end":{"line":71,"column":7}},"type":"if","locations":[{"start":{"line":65,"column":13},"end":{"line":71,"column":7}},{"start":{"line":67,"column":13},"end":{"line":71,"column":7}}],"line":65},"23":{"loc":{"start":{"line":67,"column":13},"end":{"line":71,"column":7}},"type":"if","locations":[{"start":{"line":67,"column":13},"end":{"line":71,"column":7}},{"start":{"line":69,"column":13},"end":{"line":71,"column":7}}],"line":67}},"s":{"0":1,"1":0,"2":0,"3":0,"4":0,"5":0,"6":0,"7":0,"8":0,"9":0,"10":0,"11":0,"12":0,"13":0,"14":0,"15":15,"16":15,"17":0,"18":15,"19":15,"20":15,"21":20,"22":0,"23":20,"24":20,"25":15,"26":0,"27":0,"28":0,"29":0,"30":0,"31":0,"32":0,"33":15,"34":5,"35":0,"36":5,"37":0,"38":0,"39":5,"40":5,"41":5,"42":15,"43":15,"44":0,"45":15,"46":0,"47":15,"48":0,"49":15,"50":0,"51":15,"52":5,"53":0,"54":1},"f":{"0":0,"1":0,"2":15,"3":0,"4":20,"5":0},"b":{"0":[0,0],"1":[0,0],"2":[0,0],"3":[0,0],"4":[0,0],"5":[0,0],"6":[5],"7":[0,20],"8":[20,5],"9":[15,5],"10":[0,15],"11":[0,0],"12":[0,0],"13":[0,0],"14":[0,0],"15":[0,5],"16":[5,5],"17":[0,5],"18":[5,0],"19":[0,15],"20":[0,15],"21":[15,15],"22":[0,15],"23":[0,15]},"_coverageSchema":"1a1c01bbd47fc00a2c39e90264f33305004495a9","hash":"9d6faf810a5199ad894faf8c8f25d1f5245d4312"}
,"/home/vascovalerio123/Projects/M10projeto/server/src/utils/logger.js": {"path":"/home/vascovalerio123/Projects/M10projeto/server/src/utils/logger.js","statementMap":{"0":{"start":{"line":7,"column":28},"end":{"line":7,"column":53}},"1":{"start":{"line":10,"column":18},"end":{"line":15,"column":4}},"2":{"start":{"line":17,"column":15},"end":{"line":17,"column":38}},"3":{"start":{"line":18,"column":2},"end":{"line":21,"column":3}},"4":{"start":{"line":19,"column":4},"end":{"line":19,"column":24}},"5":{"start":{"line":20,"column":4},"end":{"line":20,"column":11}},"6":{"start":{"line":22,"column":2},"end":{"line":25,"column":3}},"7":{"start":{"line":23,"column":4},"end":{"line":23,"column":23}},"8":{"start":{"line":24,"column":4},"end":{"line":24,"column":11}},"9":{"start":{"line":26,"column":2},"end":{"line":26,"column":20}},"10":{"start":{"line":29,"column":15},"end":{"line":47,"column":1}},"11":{"start":{"line":31,"column":4},"end":{"line":31,"column":33}},"12":{"start":{"line":35,"column":4},"end":{"line":35,"column":34}},"13":{"start":{"line":39,"column":4},"end":{"line":39,"column":33}},"14":{"start":{"line":43,"column":4},"end":{"line":45,"column":5}},"15":{"start":{"line":44,"column":6},"end":{"line":44,"column":36}},"16":{"start":{"line":49,"column":0},"end":{"line":49,"column":24}}},"fnMap":{"0":{"name":"write","decl":{"start":{"line":9,"column":9},"end":{"line":9,"column":14}},"loc":{"start":{"line":9,"column":42},"end":{"line":27,"column":1}},"line":9},"1":{"name":"(anonymous_1)","decl":{"start":{"line":30,"column":8},"end":{"line":30,"column":9}},"loc":{"start":{"line":30,"column":32},"end":{"line":32,"column":3}},"line":30},"2":{"name":"(anonymous_2)","decl":{"start":{"line":34,"column":9},"end":{"line":34,"column":10}},"loc":{"start":{"line":34,"column":33},"end":{"line":36,"column":3}},"line":34},"3":{"name":"(anonymous_3)","decl":{"start":{"line":38,"column":8},"end":{"line":38,"column":9}},"loc":{"start":{"line":38,"column":32},"end":{"line":40,"column":3}},"line":38},"4":{"name":"(anonymous_4)","decl":{"start":{"line":42,"column":9},"end":{"line":42,"column":10}},"loc":{"start":{"line":42,"column":33},"end":{"line":46,"column":3}},"line":42}},"branchMap":{"0":{"loc":{"start":{"line":9,"column":31},"end":{"line":9,"column":40}},"type":"default-arg","locations":[{"start":{"line":9,"column":38},"end":{"line":9,"column":40}}],"line":9},"1":{"loc":{"start":{"line":18,"column":2},"end":{"line":21,"column":3}},"type":"if","locations":[{"start":{"line":18,"column":2},"end":{"line":21,"column":3}},{"start":{},"end":{}}],"line":18},"2":{"loc":{"start":{"line":22,"column":2},"end":{"line":25,"column":3}},"type":"if","locations":[{"start":{"line":22,"column":2},"end":{"line":25,"column":3}},{"start":{},"end":{}}],"line":22},"3":{"loc":{"start":{"line":30,"column":18},"end":{"line":30,"column":27}},"type":"default-arg","locations":[{"start":{"line":30,"column":25},"end":{"line":30,"column":27}}],"line":30},"4":{"loc":{"start":{"line":34,"column":19},"end":{"line":34,"column":28}},"type":"default-arg","locations":[{"start":{"line":34,"column":26},"end":{"line":34,"column":28}}],"line":34},"5":{"loc":{"start":{"line":38,"column":18},"end":{"line":38,"column":27}},"type":"default-arg","locations":[{"start":{"line":38,"column":25},"end":{"line":38,"column":27}}],"line":38},"6":{"loc":{"start":{"line":42,"column":19},"end":{"line":42,"column":28}},"type":"default-arg","locations":[{"start":{"line":42,"column":26},"end":{"line":42,"column":28}}],"line":42},"7":{"loc":{"start":{"line":43,"column":4},"end":{"line":45,"column":5}},"type":"if","locations":[{"start":{"line":43,"column":4},"end":{"line":45,"column":5}},{"start":{},"end":{}}],"line":43}},"s":{"0":1,"1":5,"2":5,"3":5,"4":0,"5":0,"6":5,"7":0,"8":0,"9":5,"10":1,"11":5,"12":0,"13":0,"14":0,"15":0,"16":1},"f":{"0":5,"1":5,"2":0,"3":0,"4":0},"b":{"0":[0],"1":[0,5],"2":[0,5],"3":[5],"4":[0],"5":[0],"6":[0],"7":[0,0]},"_coverageSchema":"1a1c01bbd47fc00a2c39e90264f33305004495a9","hash":"63dffe7fb2524eb48d01a4b3c47e0c0c543f9ef8"}
,"/home/vascovalerio123/Projects/M10projeto/server/src/utils/password.js": {"path":"/home/vascovalerio123/Projects/M10projeto/server/src/utils/password.js","statementMap":{"0":{"start":{"line":7,"column":15},"end":{"line":7,"column":34}},"1":{"start":{"line":9,"column":21},"end":{"line":9,"column":58}},"2":{"start":{"line":12,"column":2},"end":{"line":12,"column":49}},"3":{"start":{"line":12,"column":36},"end":{"line":12,"column":49}},"4":{"start":{"line":14,"column":17},"end":{"line":14,"column":37}},"5":{"start":{"line":15,"column":20},"end":{"line":15,"column":39}},"6":{"start":{"line":16,"column":21},"end":{"line":16,"column":50}},"7":{"start":{"line":17,"column":2},"end":{"line":17,"column":43}},"8":{"start":{"line":21,"column":2},"end":{"line":23,"column":3}},"9":{"start":{"line":22,"column":4},"end":{"line":22,"column":44}},"10":{"start":{"line":24,"column":2},"end":{"line":24,"column":45}},"11":{"start":{"line":28,"column":2},"end":{"line":28,"column":85}},"12":{"start":{"line":28,"column":72},"end":{"line":28,"column":85}},"13":{"start":{"line":29,"column":2},"end":{"line":29,"column":48}},"14":{"start":{"line":33,"column":2},"end":{"line":33,"column":119}},"15":{"start":{"line":36,"column":0},"end":{"line":41,"column":2}}},"fnMap":{"0":{"name":"isStrongPassword","decl":{"start":{"line":11,"column":9},"end":{"line":11,"column":25}},"loc":{"start":{"line":11,"column":36},"end":{"line":18,"column":1}},"line":11},"1":{"name":"hashPassword","decl":{"start":{"line":20,"column":15},"end":{"line":20,"column":27}},"loc":{"start":{"line":20,"column":38},"end":{"line":25,"column":1}},"line":20},"2":{"name":"verifyPassword","decl":{"start":{"line":27,"column":15},"end":{"line":27,"column":29}},"loc":{"start":{"line":27,"column":54},"end":{"line":30,"column":1}},"line":27},"3":{"name":"looksLikeHash","decl":{"start":{"line":32,"column":9},"end":{"line":32,"column":22}},"loc":{"start":{"line":32,"column":30},"end":{"line":34,"column":1}},"line":32}},"branchMap":{"0":{"loc":{"start":{"line":9,"column":28},"end":{"line":9,"column":57}},"type":"binary-expr","locations":[{"start":{"line":9,"column":28},"end":{"line":9,"column":51}},{"start":{"line":9,"column":55},"end":{"line":9,"column":57}}],"line":9},"1":{"loc":{"start":{"line":12,"column":2},"end":{"line":12,"column":49}},"type":"if","locations":[{"start":{"line":12,"column":2},"end":{"line":12,"column":49}},{"start":{},"end":{}}],"line":12},"2":{"loc":{"start":{"line":17,"column":9},"end":{"line":17,"column":42}},"type":"binary-expr","locations":[{"start":{"line":17,"column":9},"end":{"line":17,"column":15}},{"start":{"line":17,"column":19},"end":{"line":17,"column":28}},{"start":{"line":17,"column":32},"end":{"line":17,"column":42}}],"line":17},"3":{"loc":{"start":{"line":21,"column":2},"end":{"line":23,"column":3}},"type":"if","locations":[{"start":{"line":21,"column":2},"end":{"line":23,"column":3}},{"start":{},"end":{}}],"line":21},"4":{"loc":{"start":{"line":21,"column":6},"end":{"line":21,"column":59}},"type":"binary-expr","locations":[{"start":{"line":21,"column":6},"end":{"line":21,"column":34}},{"start":{"line":21,"column":38},"end":{"line":21,"column":59}}],"line":21},"5":{"loc":{"start":{"line":28,"column":2},"end":{"line":28,"column":85}},"type":"if","locations":[{"start":{"line":28,"column":2},"end":{"line":28,"column":85}},{"start":{},"end":{}}],"line":28},"6":{"loc":{"start":{"line":28,"column":6},"end":{"line":28,"column":70}},"type":"binary-expr","locations":[{"start":{"line":28,"column":6},"end":{"line":28,"column":34}},{"start":{"line":28,"column":38},"end":{"line":28,"column":70}}],"line":28},"7":{"loc":{"start":{"line":33,"column":9},"end":{"line":33,"column":118}},"type":"binary-expr","locations":[{"start":{"line":33,"column":9},"end":{"line":33,"column":34}},{"start":{"line":33,"column":39},"end":{"line":33,"column":61}},{"start":{"line":33,"column":65},"end":{"line":33,"column":89}},{"start":{"line":33,"column":93},"end":{"line":33,"column":117}}],"line":33}},"s":{"0":1,"1":1,"2":0,"3":0,"4":0,"5":0,"6":0,"7":0,"8":0,"9":0,"10":0,"11":0,"12":0,"13":0,"14":0,"15":1},"f":{"0":0,"1":0,"2":0,"3":0},"b":{"0":[1,1],"1":[0,0],"2":[0,0,0],"3":[0,0],"4":[0,0],"5":[0,0],"6":[0,0],"7":[0,0,0,0]},"_coverageSchema":"1a1c01bbd47fc00a2c39e90264f33305004495a9","hash":"eb7f35d376840c80d835cc02b0ca9041fc08c1d2"}
,"/home/vascovalerio123/Projects/M10projeto/server/src/utils/sanitize.js": {"path":"/home/vascovalerio123/Projects/M10projeto/server/src/utils/sanitize.js","statementMap":{"0":{"start":{"line":2,"column":2},"end":{"line":7,"column":28}},"1":{"start":{"line":10,"column":0},"end":{"line":12,"column":2}}},"fnMap":{"0":{"name":"escapeHtml","decl":{"start":{"line":1,"column":9},"end":{"line":1,"column":19}},"loc":{"start":{"line":1,"column":27},"end":{"line":8,"column":1}},"line":1}},"branchMap":{"0":{"loc":{"start":{"line":2,"column":16},"end":{"line":2,"column":27}},"type":"binary-expr","locations":[{"start":{"line":2,"column":16},"end":{"line":2,"column":21}},{"start":{"line":2,"column":25},"end":{"line":2,"column":27}}],"line":2}},"s":{"0":0,"1":1},"f":{"0":0},"b":{"0":[0,0]},"_coverageSchema":"1a1c01bbd47fc00a2c39e90264f33305004495a9","hash":"7535fb129390f0639e412460826c3a42901b03a6"}
,"/home/vascovalerio123/Projects/M10projeto/server/src/utils/securityLog.js": {"path":"/home/vascovalerio123/Projects/M10projeto/server/src/utils/securityLog.js","statementMap":{"0":{"start":{"line":7,"column":11},"end":{"line":7,"column":30}},"1":{"start":{"line":8,"column":13},"end":{"line":8,"column":28}},"2":{"start":{"line":9,"column":28},"end":{"line":9,"column":53}},"3":{"start":{"line":11,"column":17},"end":{"line":11,"column":64}},"4":{"start":{"line":14,"column":2},"end":{"line":24,"column":3}},"5":{"start":{"line":15,"column":4},"end":{"line":15,"column":47}},"6":{"start":{"line":16,"column":17},"end":{"line":20,"column":7}},"7":{"start":{"line":21,"column":4},"end":{"line":21,"column":55}},"8":{"start":{"line":27,"column":0},"end":{"line":27,"column":48}}},"fnMap":{"0":{"name":"writeSecurityLog","decl":{"start":{"line":13,"column":15},"end":{"line":13,"column":31}},"loc":{"start":{"line":13,"column":50},"end":{"line":25,"column":1}},"line":13}},"branchMap":{"0":{"loc":{"start":{"line":13,"column":39},"end":{"line":13,"column":48}},"type":"default-arg","locations":[{"start":{"line":13,"column":46},"end":{"line":13,"column":48}}],"line":13}},"s":{"0":1,"1":1,"2":1,"3":1,"4":0,"5":0,"6":0,"7":0,"8":1},"f":{"0":0},"b":{"0":[0]},"_coverageSchema":"1a1c01bbd47fc00a2c39e90264f33305004495a9","hash":"9ac6595f94846c46e3d3ab710c07a8ad0f73c0b9"}
}
