TN:
SF:src/controllers/ticketController.js
FN:15,listTickets
FN:46,getTicket
FN:77,createTicket
FN:116,updateTicket
FN:180,deleteTicket
FNF:5
FNH:1
FNDA:0,listTickets
FNDA:0,getTicket
FNDA:0,createTicket
FNDA:0,updateTicket
FNDA:2,deleteTicket
DA:8,1
DA:9,1
DA:16,0
DA:17,0
DA:18,0
DA:19,0
DA:22,0
DA:34,0
DA:35,0
DA:38,0
DA:47,0
DA:48,0
DA:50,0
DA:51,0
DA:57,0
DA:59,0
DA:60,0
DA:66,0
DA:69,0
DA:78,0
DA:79,0
DA:80,0
DA:81,0
DA:84,0
DA:87,0
DA:88,0
DA:94,0
DA:103,0
DA:105,0
DA:108,0
DA:117,0
DA:118,0
DA:120,0
DA:121,0
DA:127,0
DA:128,0
DA:129,0
DA:132,0
DA:133,0
DA:135,0
DA:136,0
DA:137,0
DA:141,0
DA:142,0
DA:149,0
DA:151,0
DA:152,0
DA:159,0
DA:162,0
DA:168,0
DA:181,2
DA:182,2
DA:184,2
DA:185,0
DA:192,2
DA:194,2
DA:195,1
DA:201,1
DA:207,0
DA:211,1
LF:60
LH:10
BRDA:18,0,0,0
BRDA:18,0,1,0
BRDA:50,1,0,0
BRDA:50,1,1,0
BRDA:50,2,0,0
BRDA:50,2,1,0
BRDA:59,3,0,0
BRDA:59,3,1,0
BRDA:80,4,0,0
BRDA:80,4,1,0
BRDA:87,5,0,0
BRDA:87,5,1,0
BRDA:87,6,0,0
BRDA:87,6,1,0
BRDA:96,7,0,0
BRDA:96,7,1,0
BRDA:97,8,0,0
BRDA:97,8,1,0
BRDA:98,9,0,0
BRDA:98,9,1,0
BRDA:99,10,0,0
BRDA:99,10,1,0
BRDA:100,11,0,0
BRDA:100,11,1,0
BRDA:120,12,0,0
BRDA:120,12,1,0
BRDA:120,13,0,0
BRDA:120,13,1,0
BRDA:128,14,0,0
BRDA:128,14,1,0
BRDA:136,15,0,0
BRDA:136,15,1,0
BRDA:141,16,0,0
BRDA:141,16,1,0
BRDA:151,17,0,0
BRDA:151,17,1,0
BRDA:184,18,0,0
BRDA:184,18,1,2
BRDA:184,19,0,2
BRDA:184,19,1,2
BRDA:194,20,0,1
BRDA:194,20,1,1
BRF:42
BRH:5
end_of_record
