TN:
SF:src/app.js
FN:30,(anonymous_0)
FN:38,(anonymous_1)
FN:48,(anonymous_2)
FN:68,(anonymous_3)
FN:79,(anonymous_4)
FN:88,(anonymous_5)
FN:102,(anonymous_6)
FN:103,(anonymous_7)
FNF:8
FNH:6
FNDA:4,(anonymous_0)
FNDA:2,(anonymous_1)
FNDA:0,(anonymous_2)
FNDA:23,(anonymous_3)
FNDA:23,(anonymous_4)
FNDA:2,(anonymous_5)
FNDA:2,(anonymous_6)
FNDA:0,(anonymous_7)
DA:1,2
DA:2,2
DA:3,2
DA:4,2
DA:5,2
DA:6,2
DA:7,2
DA:9,2
DA:11,2
DA:12,2
DA:14,2
DA:15,2
DA:16,2
DA:17,2
DA:18,2
DA:19,2
DA:21,2
DA:22,2
DA:24,2
DA:25,2
DA:27,2
DA:28,2
DA:30,4
DA:34,2
DA:37,2
DA:39,2
DA:41,2
DA:42,1
DA:43,0
DA:45,1
DA:49,0
DA:50,0
DA:54,2
DA:67,2
DA:69,23
DA:70,0
DA:71,0
DA:77,2
DA:78,2
DA:79,23
DA:82,2
DA:85,2
DA:88,2
DA:90,2
DA:91,2
DA:92,2
DA:93,2
DA:96,2
DA:99,2
DA:102,2
DA:103,2
DA:104,0
DA:105,0
DA:107,0
DA:108,0
DA:111,2
LF:56
LH:47
BRDA:28,0,0,2
BRDA:28,0,1,2
BRDA:42,1,0,0
BRDA:42,1,1,1
BRDA:45,2,0,1
BRDA:45,2,1,0
BRDA:69,3,0,23
BRDA:69,3,1,0
BRDA:70,4,0,0
BRDA:70,4,1,0
BRDA:104,5,0,0
BRDA:104,5,1,0
BRDA:104,6,0,0
BRDA:104,6,1,0
BRDA:108,7,0,0
BRDA:108,7,1,0
BRDA:108,8,0,0
BRDA:108,8,1,0
BRDA:108,9,0,0
BRDA:108,9,1,0
BRDA:108,10,0,0
BRDA:108,10,1,0
BRF:22
BRH:5
end_of_record
TN:
SF:src/config/database.js
FN:21,initializeDatabase
FN:25,(anonymous_1)
FN:67,(anonymous_2)
FN:71,(anonymous_3)
FN:152,(anonymous_4)
FN:156,(anonymous_5)
FN:163,getDatabase
FN:168,closeDatabase
FNF:8
FNH:7
FNDA:5,initializeDatabase
FNDA:4,(anonymous_1)
FNDA:20,(anonymous_2)
FNDA:24,(anonymous_3)
FNDA:0,(anonymous_4)
FNDA:4,(anonymous_5)
FNDA:86,getDatabase
FNDA:3,closeDatabase
DA:7,4
DA:8,4
DA:9,4
DA:10,4
DA:11,4
DA:13,4
DA:15,4
DA:16,4
DA:22,5
DA:23,5
DA:25,4
DA:26,4
DA:28,4
DA:33,4
DA:34,4
DA:37,4
DA:55,4
DA:66,4
DA:67,20
DA:68,4
DA:69,0
DA:71,24
DA:72,4
DA:73,0
DA:77,4
DA:90,4
DA:102,4
DA:110,4
DA:119,4
DA:130,4
DA:135,4
DA:141,4
DA:148,4
DA:150,4
DA:153,0
DA:154,0
DA:157,4
DA:160,4
DA:164,86
DA:165,86
DA:169,3
DA:170,3
DA:171,3
DA:172,3
DA:176,4
LF:45
LH:41
BRDA:13,0,0,4
BRDA:13,0,1,4
BRDA:22,1,0,0
BRDA:22,1,1,5
BRDA:23,2,0,1
BRDA:23,2,1,4
BRDA:67,3,0,20
BRDA:67,3,1,20
BRDA:68,4,0,0
BRDA:68,4,1,4
BRDA:71,5,0,24
BRDA:71,5,1,24
BRDA:72,6,0,0
BRDA:72,6,1,4
BRDA:164,7,0,0
BRDA:164,7,1,86
BRDA:169,8,0,3
BRDA:169,8,1,0
BRF:18
BRH:13
end_of_record
TN:
SF:src/controllers/authController.js
FN:21,getCookieValue
FN:23,(anonymous_1)
FN:34,setRefreshCookie
FN:45,clearRefreshCookie
FN:54,buildAccessToken
FN:63,isAdminEmail
FN:67,(anonymous_6)
FN:72,register
FN:129,login
FN:198,me
FN:202,logout
FN:221,refresh
FNF:12
FNH:6
FNDA:0,getCookieValue
FNDA:0,(anonymous_1)
FNDA:1,setRefreshCookie
FNDA:0,clearRefreshCookie
FNDA:1,buildAccessToken
FNDA:2,isAdminEmail
FNDA:2,(anonymous_6)
FNDA:3,register
FNDA:2,login
FNDA:0,me
FNDA:0,logout
FNDA:0,refresh
DA:10,2
DA:11,2
DA:12,2
DA:13,2
DA:14,2
DA:15,2
DA:16,2
DA:18,2
DA:19,2
DA:22,0
DA:23,0
DA:24,0
DA:25,0
DA:26,0
DA:27,0
DA:28,0
DA:29,0
DA:31,0
DA:35,1
DA:36,1
DA:46,0
DA:55,1
DA:64,2
DA:65,2
DA:67,2
DA:69,2
DA:73,3
DA:74,3
DA:75,3
DA:77,2
DA:78,2
DA:80,2
DA:81,0
DA:86,0
DA:92,2
DA:93,2
DA:94,0
DA:100,0
DA:103,2
DA:104,2
DA:107,2
DA:108,0
DA:111,2
DA:118,2
DA:125,0
DA:130,2
DA:131,2
DA:132,2
DA:133,0
DA:136,2
DA:137,2
DA:140,2
DA:141,2
DA:142,1
DA:143,1
DA:148,1
DA:155,1
DA:156,1
DA:157,0
DA:158,0
DA:164,0
DA:171,1
DA:173,1
DA:174,1
DA:176,1
DA:177,1
DA:178,1
DA:180,1
DA:187,1
DA:194,0
DA:199,0
DA:203,0
DA:204,0
DA:205,0
DA:206,0
DA:208,0
DA:209,0
DA:215,0
DA:217,0
DA:222,0
DA:223,0
DA:224,0
DA:225,0
DA:230,0
DA:233,0
DA:234,0
DA:235,0
DA:236,0
DA:241,0
DA:244,0
DA:245,0
DA:246,0
DA:247,0
DA:248,0
DA:253,0
DA:256,0
DA:257,0
DA:258,0
DA:259,0
DA:260,0
DA:262,0
DA:263,0
DA:269,0
DA:274,0
DA:278,2
LF:105
LH:50
BRDA:19,0,0,2
BRDA:19,0,1,2
BRDA:22,1,0,0
BRDA:22,1,1,0
BRDA:26,2,0,0
BRDA:26,2,1,0
BRDA:29,3,0,0
BRDA:29,3,1,0
BRDA:59,4,0,1
BRDA:59,4,1,1
BRDA:64,5,0,2
BRDA:64,5,1,2
BRDA:75,6,0,1
BRDA:75,6,1,2
BRDA:77,7,0,2
BRDA:77,7,1,0
BRDA:78,8,0,2
BRDA:78,8,1,0
BRDA:80,9,0,0
BRDA:80,9,1,2
BRDA:93,10,0,0
BRDA:93,10,1,2
BRDA:107,11,0,0
BRDA:107,11,1,2
BRDA:107,12,0,2
BRDA:107,12,1,0
BRDA:132,13,0,0
BRDA:132,13,1,2
BRDA:136,14,0,2
BRDA:136,14,1,0
BRDA:137,15,0,2
BRDA:137,15,1,0
BRDA:141,16,0,1
BRDA:141,16,1,1
BRDA:156,17,0,0
BRDA:156,17,1,1
BRDA:174,18,0,1
BRDA:174,18,1,1
BRDA:205,19,0,0
BRDA:205,19,1,0
BRDA:224,20,0,0
BRDA:224,20,1,0
BRDA:234,21,0,0
BRDA:234,21,1,0
BRDA:245,22,0,0
BRDA:245,22,1,0
BRDA:258,23,0,0
BRDA:258,23,1,0
BRF:48
BRH:22
end_of_record
TN:
SF:src/controllers/healthController.js
FN:13,getHealth
FN:30,(anonymous_1)
FNF:2
FNH:2
FNDA:2,getHealth
FNDA:6,(anonymous_1)
DA:7,2
DA:14,2
DA:15,2
DA:16,2
DA:18,2
DA:30,6
DA:37,2
LF:7
LH:7
BRF:0
BRH:0
end_of_record
TN:
SF:src/controllers/secretController.js
FN:9,createSecret
FN:30,getSecret
FN:59,listSecrets
FN:78,serializeSecret
FNF:4
FNH:0
FNDA:0,createSecret
FNDA:0,getSecret
FNDA:0,listSecrets
FNDA:0,serializeSecret
DA:1,2
DA:2,2
DA:3,2
DA:10,0
DA:11,0
DA:12,0
DA:14,0
DA:15,0
DA:16,0
DA:18,0
DA:19,0
DA:21,0
DA:31,0
DA:32,0
DA:33,0
DA:35,0
DA:36,0
DA:37,0
DA:40,0
DA:41,0
DA:44,0
DA:45,0
DA:48,0
DA:50,0
DA:60,0
DA:61,0
DA:62,0
DA:64,0
DA:65,0
DA:67,0
DA:72,2
DA:79,0
LF:32
LH:4
BRDA:12,0,0,0
BRDA:12,0,1,0
BRDA:14,1,0,0
BRDA:14,1,1,0
BRDA:15,2,0,0
BRDA:15,2,1,0
BRDA:33,3,0,0
BRDA:33,3,1,0
BRDA:36,4,0,0
BRDA:36,4,1,0
BRDA:44,5,0,0
BRDA:44,5,1,0
BRDA:62,6,0,0
BRDA:62,6,1,0
BRF:14
BRH:0
end_of_record
TN:
SF:src/controllers/statsController.js
FN:13,getSummary
FNF:1
FNH:0
FNDA:0,getSummary
DA:7,2
DA:14,0
DA:15,0
DA:16,0
DA:19,0
DA:23,2
LF:6
LH:2
BRF:0
BRH:0
end_of_record
TN:
SF:src/controllers/systemController.js
FN:5,getSecurityLogs
FN:26,(anonymous_1)
FN:34,getAuditLogs
FNF:3
FNH:0
FNDA:0,getSecurityLogs
FNDA:0,(anonymous_1)
FNDA:0,getAuditLogs
DA:1,2
DA:2,2
DA:3,2
DA:6,0
DA:7,0
DA:8,0
DA:9,0
DA:12,0
DA:13,0
DA:16,0
DA:17,0
DA:18,0
DA:19,0
DA:26,0
DA:28,0
DA:30,0
DA:35,0
DA:36,0
DA:37,0
DA:38,0
DA:40,0
DA:44,2
LF:22
LH:4
BRDA:8,0,0,0
BRDA:8,0,1,0
BRDA:26,1,0,0
BRDA:26,1,1,0
BRDA:26,2,0,0
BRDA:26,2,1,0
BRDA:36,3,0,0
BRDA:36,3,1,0
BRF:8
BRH:0
end_of_record
TN:
SF:src/controllers/ticketController.js
FN:15,listTickets
FN:46,getTicket
FN:77,createTicket
FN:116,updateTicket
FN:180,deleteTicket
FNF:5
FNH:5
FNDA:2,listTickets
FNDA:3,getTicket
FNDA:2,createTicket
FNDA:2,updateTicket
FNDA:2,deleteTicket
DA:8,3
DA:9,3
DA:16,2
DA:17,2
DA:18,2
DA:19,0
DA:22,2
DA:34,2
DA:35,1
DA:38,1
DA:47,3
DA:48,3
DA:50,3
DA:51,1
DA:57,2
DA:59,2
DA:60,1
DA:66,1
DA:69,0
DA:78,2
DA:79,2
DA:80,2
DA:81,0
DA:84,2
DA:87,2
DA:88,1
DA:94,1
DA:103,1
DA:105,1
DA:108,0
DA:117,2
DA:118,2
DA:120,2
DA:121,0
DA:127,2
DA:128,2
DA:129,0
DA:132,2
DA:133,2
DA:135,2
DA:136,14
DA:137,3
DA:141,2
DA:142,0
DA:149,2
DA:151,2
DA:152,1
DA:159,1
DA:162,1
DA:168,0
DA:181,2
DA:182,2
DA:184,2
DA:185,0
DA:192,2
DA:194,2
DA:195,1
DA:201,1
DA:207,0
DA:211,3
LF:60
LH:50
BRDA:18,0,0,0
BRDA:18,0,1,2
BRDA:50,1,0,1
BRDA:50,1,1,2
BRDA:50,2,0,3
BRDA:50,2,1,2
BRDA:59,3,0,1
BRDA:59,3,1,1
BRDA:80,4,0,0
BRDA:80,4,1,2
BRDA:87,5,0,1
BRDA:87,5,1,1
BRDA:87,6,0,2
BRDA:87,6,1,1
BRDA:96,7,0,1
BRDA:96,7,1,0
BRDA:97,8,0,1
BRDA:97,8,1,0
BRDA:98,9,0,1
BRDA:98,9,1,1
BRDA:99,10,0,1
BRDA:99,10,1,1
BRDA:100,11,0,1
BRDA:100,11,1,1
BRDA:120,12,0,0
BRDA:120,12,1,2
BRDA:120,13,0,2
BRDA:120,13,1,2
BRDA:128,14,0,0
BRDA:128,14,1,2
BRDA:136,15,0,3
BRDA:136,15,1,11
BRDA:141,16,0,0
BRDA:141,16,1,2
BRDA:151,17,0,1
BRDA:151,17,1,1
BRDA:184,18,0,0
BRDA:184,18,1,2
BRDA:184,19,0,2
BRDA:184,19,1,2
BRDA:194,20,0,1
BRDA:194,20,1,1
BRF:42
BRH:34
end_of_record
TN:
SF:src/middleware/loginRateLimiter.js
FN:17,writeAudit
FN:18,(anonymous_1)
FN:24,getClientIp
FN:33,_getState
FN:38,guard
FN:83,recordFailure
FN:89,(anonymous_6)
FN:122,recordSuccess
FNF:8
FNH:6
FNDA:2,writeAudit
FNDA:0,(anonymous_1)
FNDA:5,getClientIp
FNDA:3,_getState
FNDA:2,guard
FNDA:1,recordFailure
FNDA:0,(anonymous_6)
FNDA:1,recordSuccess
DA:10,2
DA:11,2
DA:13,2
DA:14,2
DA:15,2
DA:18,2
DA:22,2
DA:26,5
DA:27,5
DA:28,0
DA:30,5
DA:34,3
DA:35,3
DA:39,2
DA:40,2
DA:41,2
DA:43,2
DA:44,0
DA:47,0
DA:48,0
DA:52,0
DA:53,0
DA:55,0
DA:59,0
DA:61,0
DA:66,0
DA:72,0
DA:80,2
DA:84,1
DA:85,1
DA:86,1
DA:89,1
DA:90,1
DA:92,1
DA:93,1
DA:100,1
DA:101,0
DA:103,0
DA:105,0
DA:110,0
DA:116,0
DA:119,1
DA:123,1
DA:124,1
DA:125,1
DA:126,1
DA:134,2
LF:47
LH:31
BRDA:13,0,0,2
BRDA:13,0,1,2
BRDA:14,1,0,2
BRDA:14,1,1,2
BRDA:15,2,0,2
BRDA:15,2,1,2
BRDA:27,3,0,0
BRDA:27,3,1,5
BRDA:27,4,0,5
BRDA:27,4,1,0
BRDA:30,5,0,5
BRDA:30,5,1,0
BRDA:30,6,0,5
BRDA:30,6,1,0
BRDA:34,7,0,1
BRDA:34,7,1,2
BRDA:43,8,0,0
BRDA:43,8,1,2
BRDA:43,9,0,2
BRDA:43,9,1,0
BRDA:52,10,0,0
BRDA:52,10,1,0
BRDA:83,11,0,0
BRDA:94,12,0,1
BRDA:94,12,1,1
BRDA:100,13,0,0
BRDA:100,13,1,1
BRDA:122,14,0,0
BRDA:127,15,0,1
BRDA:127,15,1,0
BRF:30
BRH:18
end_of_record
TN:
SF:src/middleware/requireAuth.js
FN:10,requireAuth
FNF:1
FNH:1
FNDA:10,requireAuth
DA:7,2
DA:8,2
DA:11,10
DA:12,10
DA:13,10
DA:14,10
DA:15,1
DA:18,9
DA:19,9
DA:20,0
DA:24,9
DA:25,9
DA:27,1
DA:30,8
DA:31,8
DA:32,8
DA:33,8
DA:36,0
DA:37,0
DA:38,0
DA:41,0
DA:46,0
DA:48,0
DA:52,2
LF:24
LH:17
BRDA:12,0,0,10
BRDA:12,0,1,1
BRDA:14,1,0,1
BRDA:14,1,1,9
BRDA:19,2,0,0
BRDA:19,2,1,9
BRDA:32,3,0,8
BRDA:32,3,1,0
BRDA:36,4,0,0
BRDA:36,4,1,0
BRDA:37,5,0,0
BRDA:37,5,1,0
BRDA:37,6,0,0
BRDA:37,6,1,0
BRF:14
BRH:6
end_of_record
TN:
SF:src/middleware/requireRole.js
FN:9,requireRole
FN:10,requireRoleMiddleware
FNF:2
FNH:1
FNDA:2,requireRole
FNDA:0,requireRoleMiddleware
DA:10,2
DA:11,0
DA:12,0
DA:13,0
DA:16,0
DA:17,0
DA:20,0
DA:24,2
LF:8
LH:2
BRDA:11,0,0,0
BRDA:11,0,1,0
BRDA:12,1,0,0
BRDA:12,1,1,0
BRDA:16,2,0,0
BRDA:16,2,1,0
BRF:6
BRH:0
end_of_record
TN:
SF:src/models/auditLogModel.js
FN:4,createAuditLog
FN:19,listAuditLogs
FN:30,(anonymous_2)
FNF:3
FNH:1
FNDA:6,createAuditLog
FNDA:0,listAuditLogs
FNDA:0,(anonymous_2)
DA:1,2
DA:2,2
DA:5,6
DA:6,0
DA:9,6
DA:10,6
DA:11,6
DA:13,6
DA:20,0
DA:21,0
DA:22,0
DA:30,0
DA:31,0
DA:32,0
DA:33,0
DA:35,0
DA:38,0
DA:49,2
LF:18
LH:8
BRDA:4,0,0,1
BRDA:4,1,0,0
BRDA:5,2,0,0
BRDA:5,2,1,6
BRDA:5,3,0,6
BRDA:5,3,1,6
BRDA:10,4,0,2
BRDA:10,4,1,4
BRDA:11,5,0,6
BRDA:11,5,1,0
BRDA:19,6,0,0
BRDA:19,7,0,0
BRDA:21,8,0,0
BRDA:21,8,1,0
BRDA:33,9,0,0
BRDA:33,9,1,0
BRF:16
BRH:7
end_of_record
TN:
SF:src/models/secretModel.js
FN:8,createSecret
FN:20,getSecretById
FN:30,getSecretByIdForOwner
FN:43,listSecretsForOwner
FN:60,(anonymous_4)
FN:88,decryptSecretRow
FNF:6
FNH:0
FNDA:0,createSecret
FNDA:0,getSecretById
FNDA:0,getSecretByIdForOwner
FNDA:0,listSecretsForOwner
FNDA:0,(anonymous_4)
FNDA:0,decryptSecretRow
DA:5,2
DA:6,2
DA:9,0
DA:10,0
DA:12,0
DA:17,0
DA:21,0
DA:22,0
DA:27,0
DA:31,0
DA:32,0
DA:39,0
DA:44,0
DA:46,0
DA:52,0
DA:53,0
DA:55,0
DA:56,0
DA:59,0
DA:60,0
DA:61,0
DA:81,2
DA:89,0
DA:90,0
LF:24
LH:3
BRDA:55,0,0,0
BRDA:55,0,1,0
BRDA:61,1,0,0
BRDA:61,1,1,0
BRDA:89,2,0,0
BRDA:89,2,1,0
BRF:6
BRH:0
end_of_record
TN:
SF:src/models/sessionModel.js
FN:12,generateToken
FN:17,createSession
FN:30,getSessionByToken
FN:48,deleteSession
FNF:4
FNH:2
FNDA:1,generateToken
FNDA:1,createSession
FNDA:0,getSessionByToken
FNDA:0,deleteSession
DA:7,2
DA:8,2
DA:10,2
DA:14,1
DA:18,1
DA:19,1
DA:20,1
DA:22,1
DA:27,1
DA:31,0
DA:32,0
DA:36,0
DA:38,0
DA:39,0
DA:40,0
DA:41,0
DA:42,0
DA:45,0
DA:49,0
DA:50,0
DA:53,2
LF:21
LH:10
BRDA:10,0,0,2
BRDA:10,0,1,2
BRDA:17,1,0,0
BRDA:17,2,0,0
BRDA:17,3,0,0
BRDA:36,4,0,0
BRDA:36,4,1,0
BRDA:40,5,0,0
BRDA:40,5,1,0
BRDA:40,6,0,0
BRDA:40,6,1,0
BRF:11
BRH:2
end_of_record
TN:
SF:src/models/ticketModel.js
FN:15,getAllTickets
FN:92,(anonymous_1)
FN:107,getTicketById
FN:118,createTicket
FN:144,updateTicket
FN:198,deleteTicket
FN:217,getTicketStats
FN:236,priorityLabel
FN:264,(anonymous_8)
FN:277,(anonymous_9)
FN:283,(anonymous_10)
FN:288,(anonymous_11)
FN:294,(anonymous_12)
FN:306,formatTicket
FNF:14
FNH:7
FNDA:2,getAllTickets
FNDA:3,(anonymous_1)
FNDA:12,getTicketById
FNDA:5,createTicket
FNDA:2,updateTicket
FNDA:2,deleteTicket
FNDA:0,getTicketStats
FNDA:0,priorityLabel
FNDA:0,(anonymous_8)
FNDA:0,(anonymous_9)
FNDA:0,(anonymous_10)
FNDA:0,(anonymous_11)
FNDA:0,(anonymous_12)
FNDA:12,formatTicket
DA:8,3
DA:16,2
DA:18,2
DA:19,2
DA:22,2
DA:23,1
DA:24,1
DA:28,2
DA:29,0
DA:30,0
DA:34,2
DA:35,0
DA:36,0
DA:40,2
DA:41,0
DA:42,0
DA:46,2
DA:47,0
DA:48,0
DA:52,2
DA:53,2
DA:54,2
DA:56,2
DA:57,2
DA:61,2
DA:62,2
DA:63,2
DA:64,2
DA:66,2
DA:69,2
DA:70,2
DA:72,2
DA:73,1
DA:74,1
DA:76,2
DA:77,0
DA:78,0
DA:80,2
DA:81,0
DA:82,0
DA:84,2
DA:85,0
DA:86,0
DA:89,2
DA:91,2
DA:92,3
DA:108,12
DA:109,12
DA:110,12
DA:119,5
DA:121,5
DA:124,5
DA:129,5
DA:132,5
DA:133,5
DA:135,5
DA:145,2
DA:148,2
DA:149,2
DA:150,1
DA:154,1
DA:155,1
DA:156,1
DA:158,1
DA:159,3
DA:160,3
DA:161,3
DA:165,1
DA:166,0
DA:169,1
DA:170,1
DA:172,1
DA:178,1
DA:179,1
DA:180,0
DA:187,1
DA:188,1
DA:190,1
DA:199,2
DA:202,2
DA:203,2
DA:204,1
DA:207,1
DA:208,1
DA:210,1
DA:218,0
DA:220,0
DA:221,0
DA:223,0
DA:229,0
DA:237,0
DA:238,0
DA:239,0
DA:240,0
DA:241,0
DA:242,0
DA:245,0
DA:253,0
DA:254,0
DA:255,0
DA:259,0
DA:260,0
DA:263,0
DA:264,0
DA:267,0
DA:273,0
DA:277,0
DA:283,0
DA:288,0
DA:294,0
DA:307,12
DA:322,12
DA:323,0
DA:326,12
DA:327,0
DA:330,12
DA:333,3
LF:117
LH:74
BRDA:15,0,0,0
BRDA:22,1,0,1
BRDA:22,1,1,1
BRDA:28,2,0,0
BRDA:28,2,1,2
BRDA:34,3,0,0
BRDA:34,3,1,2
BRDA:40,4,0,0
BRDA:40,4,1,2
BRDA:46,5,0,0
BRDA:46,5,1,2
BRDA:52,6,0,2
BRDA:52,6,1,2
BRDA:53,7,0,0
BRDA:53,7,1,2
BRDA:56,8,0,2
BRDA:56,8,1,0
BRDA:61,9,0,2
BRDA:61,9,1,2
BRDA:62,10,0,2
BRDA:62,10,1,2
BRDA:72,11,0,1
BRDA:72,11,1,1
BRDA:76,12,0,0
BRDA:76,12,1,2
BRDA:80,13,0,0
BRDA:80,13,1,2
BRDA:84,14,0,0
BRDA:84,14,1,2
BRDA:110,15,0,9
BRDA:110,15,1,3
BRDA:127,16,0,5
BRDA:127,16,1,0
BRDA:127,17,0,5
BRDA:127,17,1,2
BRDA:127,18,0,5
BRDA:127,18,1,4
BRDA:127,19,0,5
BRDA:127,19,1,4
BRDA:127,20,0,5
BRDA:127,20,1,5
BRDA:127,21,0,5
BRDA:127,21,1,5
BRDA:149,22,0,1
BRDA:149,22,1,1
BRDA:159,23,0,3
BRDA:159,23,1,0
BRDA:159,24,0,3
BRDA:159,24,1,3
BRDA:165,25,0,0
BRDA:165,25,1,1
BRDA:178,26,0,1
BRDA:178,26,1,0
BRDA:179,27,0,0
BRDA:179,27,1,1
BRDA:179,28,0,1
BRDA:179,28,1,0
BRDA:203,29,0,1
BRDA:203,29,1,1
BRDA:221,30,0,0
BRDA:221,30,1,0
BRDA:238,31,0,0
BRDA:238,31,1,0
BRDA:239,32,0,0
BRDA:239,32,1,0
BRDA:240,33,0,0
BRDA:240,33,1,0
BRDA:241,34,0,0
BRDA:241,34,1,0
BRDA:255,35,0,0
BRDA:255,35,1,0
BRDA:259,36,0,0
BRDA:259,36,1,0
BRDA:283,37,0,0
BRDA:283,37,1,0
BRDA:294,38,0,0
BRDA:294,38,1,0
BRDA:322,39,0,0
BRDA:322,39,1,12
BRDA:326,40,0,0
BRDA:326,40,1,12
BRDA:326,41,0,12
BRDA:326,41,1,0
BRF:83
BRH:46
end_of_record
TN:
SF:src/models/userModel.js
FN:7,createUser
FN:16,getUserByEmail
FN:21,getUserById
FN:26,setUserRole
FN:32,incrementTokenVersion
FNF:5
FNH:5
FNDA:4,createUser
FNDA:12,getUserByEmail
FNDA:18,getUserById
FNDA:1,setUserRole
FNDA:1,incrementTokenVersion
DA:5,3
DA:8,4
DA:9,4
DA:13,4
DA:17,12
DA:18,12
DA:22,18
DA:23,18
DA:27,1
DA:28,1
DA:29,1
DA:33,1
DA:34,1
DA:35,1
DA:38,3
LF:15
LH:15
BRF:0
BRH:0
end_of_record
TN:
SF:src/routes/authRoutes.js
FNF:0
FNH:0
DA:5,2
DA:6,2
DA:7,2
DA:8,2
DA:9,2
DA:11,2
DA:13,2
DA:22,2
DA:32,2
DA:33,2
DA:34,2
DA:36,2
LF:12
LH:12
BRF:0
BRH:0
end_of_record
TN:
SF:src/routes/healthRoutes.js
FNF:0
FNH:0
DA:7,2
DA:8,2
DA:9,2
DA:15,2
DA:17,2
LF:5
LH:5
BRF:0
BRH:0
end_of_record
TN:
SF:src/routes/secretRoutes.js
FNF:0
FNH:0
DA:1,2
DA:2,2
DA:3,2
DA:5,2
DA:8,2
DA:11,2
DA:17,2
DA:21,2
LF:8
LH:8
BRF:0
BRH:0
end_of_record
TN:
SF:src/routes/statsRoutes.js
FNF:0
FNH:0
DA:7,2
DA:8,2
DA:9,2
DA:22,2
DA:24,2
LF:5
LH:5
BRF:0
BRH:0
end_of_record
TN:
SF:src/routes/systemRoutes.js
FNF:0
FNH:0
DA:1,2
DA:2,2
DA:4,2
DA:7,2
DA:8,2
DA:10,2
LF:6
LH:6
BRF:0
BRH:0
end_of_record
TN:
SF:src/routes/ticketRoutes.js
FNF:0
FNH:0
DA:8,2
DA:9,2
DA:10,2
DA:11,2
DA:28,2
DA:42,2
DA:53,2
DA:69,2
DA:87,2
DA:94,2
LF:10
LH:10
BRF:0
BRH:0
end_of_record
TN:
SF:src/services/seedTickets.js
FN:9,pickRandom
FN:13,randomDate
FN:17,randomDays
FN:21,seedTicketsIfEmpty
FNF:4
FNH:1
FNDA:0,pickRandom
FNDA:0,randomDate
FNDA:0,randomDays
FNDA:2,seedTicketsIfEmpty
DA:7,2
DA:10,0
DA:14,0
DA:18,0
DA:22,2
DA:23,2
DA:25,1
DA:26,1
DA:29,0
DA:31,0
DA:32,0
DA:33,0
DA:34,0
DA:35,0
DA:36,0
DA:38,0
DA:39,0
DA:41,0
DA:42,0
DA:43,0
DA:44,0
DA:45,0
DA:46,0
DA:48,0
DA:49,0
DA:50,0
DA:53,0
DA:55,0
DA:74,0
DA:77,0
DA:78,0
DA:81,0
DA:82,0
DA:83,0
DA:87,2
LF:35
LH:6
BRDA:21,0,0,2
BRDA:25,1,0,1
BRDA:25,1,1,0
BRDA:48,2,0,0
BRDA:48,2,1,0
BRDA:53,3,0,0
BRDA:53,3,1,0
BRDA:53,3,2,0
BRDA:68,4,0,0
BRDA:68,4,1,0
BRDA:69,5,0,0
BRDA:69,5,1,0
BRF:12
BRH:2
end_of_record
TN:
SF:src/utils/cryptoSecrets.js
FN:6,getEncryptionKey
FN:28,encryptSecretValue
FN:42,decryptSecretValue
FNF:3
FNH:0
FNDA:0,getEncryptionKey
FNDA:0,encryptSecretValue
FNDA:0,decryptSecretValue
DA:1,2
DA:3,2
DA:4,2
DA:7,0
DA:8,0
DA:9,0
DA:12,0
DA:14,0
DA:15,0
DA:18,0
DA:19,0
DA:20,0
DA:25,0
DA:29,0
DA:30,0
DA:31,0
DA:33,0
DA:37,0
DA:39,0
DA:43,0
DA:46,0
DA:47,0
DA:50,0
DA:51,0
DA:52,0
DA:53,0
DA:56,0
DA:57,0
DA:58,0
DA:59,0
DA:61,0
DA:62,0
DA:64,0
DA:65,0
DA:68,2
LF:35
LH:4
BRDA:8,0,0,0
BRDA:8,0,1,0
BRDA:8,1,0,0
BRDA:8,1,1,0
BRDA:14,2,0,0
BRDA:14,2,1,0
BRDA:20,3,0,0
BRDA:20,3,1,0
BRDA:43,4,0,0
BRDA:43,4,1,0
BRDA:46,5,0,0
BRDA:46,5,1,0
BRDA:52,6,0,0
BRDA:52,6,1,0
BRF:14
BRH:0
end_of_record
TN:
SF:src/utils/jwt.js
FN:6,base64UrlEncode
FN:14,base64UrlDecode
FN:20,sign
FN:43,verify
FNF:4
FNH:4
FNDA:2,base64UrlEncode
FNDA:8,base64UrlDecode
FNDA:1,sign
FNDA:9,verify
DA:1,2
DA:3,2
DA:4,2
DA:7,2
DA:15,8
DA:16,8
DA:17,8
DA:21,1
DA:22,1
DA:23,1
DA:29,1
DA:30,1
DA:31,1
DA:32,1
DA:40,1
DA:44,9
DA:46,9
DA:47,9
DA:49,8
DA:50,8
DA:51,8
DA:59,8
DA:60,8
DA:61,8
DA:62,0
DA:65,8
DA:66,8
DA:67,8
DA:68,0
DA:71,8
DA:74,2
LF:31
LH:29
BRDA:3,0,0,2
BRDA:3,0,1,2
BRDA:4,1,0,2
BRDA:4,1,1,2
BRDA:20,2,0,1
BRDA:26,3,0,1
BRDA:26,3,1,1
BRDA:44,4,0,0
BRDA:44,4,1,9
BRDA:44,5,0,9
BRDA:44,5,1,9
BRDA:47,6,0,1
BRDA:47,6,1,8
BRDA:61,7,0,0
BRDA:61,7,1,8
BRDA:61,8,0,8
BRDA:61,8,1,8
BRDA:67,9,0,0
BRDA:67,9,1,8
BRDA:67,10,0,8
BRDA:67,10,1,8
BRF:21
BRH:18
end_of_record
TN:
SF:src/utils/logSanitizer.js
FN:12,maskEmail
FN:22,maskToken
FN:29,sanitizeString
FN:31,(anonymous_3)
FN:37,sanitizeForLogs
FN:54,(anonymous_5)
FNF:6
FNH:3
FNDA:8,maskEmail
FNDA:0,maskToken
FNDA:88,sanitizeString
FNDA:0,(anonymous_3)
FNDA:125,sanitizeForLogs
FNDA:0,(anonymous_5)
DA:1,2
DA:13,8
DA:14,8
DA:15,8
DA:16,8
DA:17,8
DA:18,8
DA:19,8
DA:23,0
DA:24,0
DA:25,0
DA:26,0
DA:30,88
DA:31,88
DA:32,88
DA:33,88
DA:34,88
DA:38,125
DA:39,125
DA:41,125
DA:42,88
DA:43,0
DA:44,0
DA:45,0
DA:46,0
DA:48,88
DA:51,37
DA:53,34
DA:54,0
DA:57,34
DA:58,34
DA:59,34
DA:60,99
DA:61,99
DA:62,0
DA:63,99
DA:64,0
DA:65,99
DA:66,0
DA:67,99
DA:68,8
DA:70,91
DA:73,34
DA:76,0
DA:79,2
LF:45
LH:32
BRDA:15,0,0,0
BRDA:15,0,1,8
BRDA:18,1,0,0
BRDA:18,1,1,8
BRDA:18,2,0,0
BRDA:18,2,1,0
BRDA:23,3,0,0
BRDA:23,3,1,0
BRDA:24,4,0,0
BRDA:24,4,1,0
BRDA:25,5,0,0
BRDA:25,5,1,0
BRDA:37,6,0,34
BRDA:38,7,0,0
BRDA:38,7,1,125
BRDA:39,8,0,125
BRDA:39,8,1,34
BRDA:41,9,0,88
BRDA:41,9,1,37
BRDA:42,10,0,0
BRDA:42,10,1,88
BRDA:43,11,0,0
BRDA:43,11,1,0
BRDA:44,12,0,0
BRDA:44,12,1,0
BRDA:45,13,0,0
BRDA:45,13,1,0
BRDA:45,14,0,0
BRDA:45,14,1,0
BRDA:51,15,0,3
BRDA:51,15,1,34
BRDA:51,16,0,37
BRDA:51,16,1,34
BRDA:53,17,0,0
BRDA:53,17,1,34
BRDA:57,18,0,34
BRDA:57,18,1,0
BRDA:61,19,0,0
BRDA:61,19,1,99
BRDA:63,20,0,0
BRDA:63,20,1,99
BRDA:63,21,0,99
BRDA:63,21,1,99
BRDA:65,22,0,0
BRDA:65,22,1,99
BRDA:67,23,0,8
BRDA:67,23,1,91
BRF:47
BRH:22
end_of_record
TN:
SF:src/utils/logger.js
FN:9,write
FN:30,(anonymous_1)
FN:34,(anonymous_2)
FN:38,(anonymous_3)
FN:42,(anonymous_4)
FNF:5
FNH:2
FNDA:26,write
FNDA:26,(anonymous_1)
FNDA:0,(anonymous_2)
FNDA:0,(anonymous_3)
FNDA:0,(anonymous_4)
DA:7,2
DA:10,26
DA:17,26
DA:18,26
DA:19,0
DA:20,0
DA:22,26
DA:23,0
DA:24,0
DA:26,26
DA:29,2
DA:31,26
DA:35,0
DA:39,0
DA:43,0
DA:44,0
DA:49,2
LF:17
LH:9
BRDA:9,0,0,0
BRDA:18,1,0,0
BRDA:18,1,1,26
BRDA:22,2,0,0
BRDA:22,2,1,26
BRDA:30,3,0,26
BRDA:34,4,0,0
BRDA:38,5,0,0
BRDA:42,6,0,0
BRDA:43,7,0,0
BRDA:43,7,1,0
BRF:11
BRH:3
end_of_record
TN:
SF:src/utils/password.js
FN:11,isStrongPassword
FN:20,hashPassword
FN:27,verifyPassword
FN:32,looksLikeHash
FNF:4
FNH:3
FNDA:2,isStrongPassword
FNDA:2,hashPassword
FNDA:1,verifyPassword
FNDA:0,looksLikeHash
DA:7,2
DA:9,2
DA:12,2
DA:14,2
DA:15,2
DA:16,2
DA:17,2
DA:21,2
DA:22,0
DA:24,2
DA:28,1
DA:29,1
DA:33,0
DA:36,2
LF:14
LH:12
BRDA:9,0,0,2
BRDA:9,0,1,2
BRDA:12,1,0,0
BRDA:12,1,1,2
BRDA:17,2,0,2
BRDA:17,2,1,2
BRDA:17,2,2,2
BRDA:21,3,0,0
BRDA:21,3,1,2
BRDA:21,4,0,2
BRDA:21,4,1,2
BRDA:28,5,0,0
BRDA:28,5,1,1
BRDA:28,6,0,1
BRDA:28,6,1,1
BRDA:33,7,0,0
BRDA:33,7,1,0
BRDA:33,7,2,0
BRDA:33,7,3,0
BRF:19
BRH:12
end_of_record
TN:
SF:src/utils/sanitize.js
FN:1,escapeHtml
FNF:1
FNH:0
FNDA:0,escapeHtml
DA:2,0
DA:10,2
LF:2
LH:1
BRDA:2,0,0,0
BRDA:2,0,1,0
BRF:2
BRH:0
end_of_record
TN:
SF:src/utils/securityLog.js
FN:13,writeSecurityLog
FNF:1
FNH:1
FNDA:2,writeSecurityLog
DA:7,2
DA:8,2
DA:9,2
DA:11,2
DA:14,2
DA:15,2
DA:16,2
DA:21,2
DA:27,2
LF:9
LH:9
BRDA:13,0,0,0
BRF:1
BRH:0
end_of_record
